\BOOKMARK [1][-]{section.1}{Introduction}{}% 1
\BOOKMARK [1][-]{section.2}{State of the art}{}% 2
\BOOKMARK [2][-]{subsection.2.1}{Blockchain}{section.2}% 3
\BOOKMARK [3][-]{subsubsection.2.1.1}{Technical aspects}{subsection.2.1}% 4
\BOOKMARK [3][-]{subsubsection.2.1.2}{Energy-related applications}{subsection.2.1}% 5
\BOOKMARK [2][-]{subsection.2.2}{Optimal power flow methods}{section.2}% 6
\BOOKMARK [1][-]{section.3}{Challenge identification}{}% 7
\BOOKMARK [1][-]{section.4}{Smart contracts framework}{}% 8
\BOOKMARK [2][-]{subsection.4.1}{Smart contracts for energy transactions}{section.4}% 9
\BOOKMARK [2][-]{subsection.4.2}{Chosen framework}{section.4}% 10
\BOOKMARK [2][-]{subsection.4.3}{Algorithm}{section.4}% 11
\BOOKMARK [1][-]{section.5}{Proper Generalized Decomposition}{}% 12
\BOOKMARK [2][-]{subsection.5.1}{Derivation}{section.5}% 13
\BOOKMARK [2][-]{subsection.5.2}{Application}{section.5}% 14
\BOOKMARK [1][-]{section.6}{Case study}{}% 15
\BOOKMARK [2][-]{subsection.6.1}{Results}{section.6}% 16
\BOOKMARK [1][-]{section.7}{Business assessment}{}% 17
\BOOKMARK [1][-]{section.8}{Implementation plan}{}% 18
\BOOKMARK [1][-]{section.9}{Conclusions}{}% 19
\BOOKMARK [1][-]{section*.19}{Acknowledgements}{}% 20
\BOOKMARK [1][-]{section*.20}{References}{}% 21
\BOOKMARK [1][-]{appendix.A}{Technical data}{}% 22
\BOOKMARK [1][-]{appendix.B}{Code}{}% 23
