This is pdfTeX, Version 3.14159265-2.6-1.40.21 (MiKTeX 20.12) (preloaded format=pdflatex 2020.12.28)  29 JUN 2021 17:43
entering extended mode
**c:/Users/Josep/Desktop/MEE/EQE/Project/Text/Text.tex
(c:/Users/Josep/Desktop/MEE/EQE/Project/Text/Text.tex
LaTeX2e <2020-10-01> patch level 2
L3 programming layer <2020-12-07> xparse <2020-03-03> (C:\Users\Josep\AppData\Local\Programs\MiKTeX\tex/latex/base\article.cls
Document Class: article 2020/04/10 v1.4m Standard LaTeX document class
(C:\Users\Josep\AppData\Local\Programs\MiKTeX\tex/latex/base\size10.clo
File: size10.clo 2020/04/10 v1.4m Standard LaTeX file (size option)
)
\c@part=\count177
\c@section=\count178
\c@subsection=\count179
\c@subsubsection=\count180
\c@paragraph=\count181
\c@subparagraph=\count182
\c@figure=\count183
\c@table=\count184
\abovecaptionskip=\skip47
\belowcaptionskip=\skip48
\bibindent=\dimen138
) (C:\Users\Josep\AppData\Roaming\MiKTeX\tex/latex/geometry\geometry.sty
Package: geometry 2020/01/02 v5.9 Page Geometry
 (C:\Users\Josep\AppData\Local\Programs\MiKTeX\tex/latex/graphics\keyval.sty
Package: keyval 2014/10/28 v1.15 key=value parser (DPC)
\KV@toks@=\toks15
) (C:\Users\Josep\AppData\Local\Programs\MiKTeX\tex/generic/iftex\ifvtex.sty
Package: ifvtex 2019/10/25 v1.7 ifvtex legacy package. Use iftex instead.
 (C:\Users\Josep\AppData\Local\Programs\MiKTeX\tex/generic/iftex\iftex.sty
Package: iftex 2020/03/06 v1.0d TeX engine tests
))
\Gm@cnth=\count185
\Gm@cntv=\count186
\c@Gm@tempcnt=\count187
\Gm@bindingoffset=\dimen139
\Gm@wd@mp=\dimen140
\Gm@odd@mp=\dimen141
\Gm@even@mp=\dimen142
\Gm@layoutwidth=\dimen143
\Gm@layoutheight=\dimen144
\Gm@layouthoffset=\dimen145
\Gm@layoutvoffset=\dimen146
\Gm@dimlist=\toks16
 (C:\Users\Josep\AppData\Roaming\MiKTeX\tex/latex/geometry\geometry.cfg)) (C:\Users\Josep\AppData\Roaming\MiKTeX\tex/latex/parskip\parskip.sty
Package: parskip 2020-06-15 v2.0f non-zero parskip adjustments
 (C:\Users\Josep\AppData\Roaming\MiKTeX\tex/latex/kvoptions\kvoptions.sty
Package: kvoptions 2020-10-07 v3.14 Key value format for package options (HO)
 (C:\Users\Josep\AppData\Roaming\MiKTeX\tex/generic/ltxcmds\ltxcmds.sty
Package: ltxcmds 2020-05-10 v1.25 LaTeX kernel commands for general use (HO)
) (C:\Users\Josep\AppData\Roaming\MiKTeX\tex/generic/kvsetkeys\kvsetkeys.sty
Package: kvsetkeys 2019/12/15 v1.18 Key value parser (HO)
)) (C:\Users\Josep\AppData\Local\Programs\MiKTeX\tex/latex/etoolbox\etoolbox.sty
Package: etoolbox 2020/10/05 v2.5k e-TeX tools for LaTeX (JAW)
\etb@tempcnta=\count188
)) (C:\Users\Josep\AppData\Roaming\MiKTeX\tex/latex/setspace\setspace.sty
Package: setspace 2011/12/19 v6.7a set line spacing
) (C:\Users\Josep\AppData\Local\Programs\MiKTeX\tex/latex/graphics\graphicx.sty
Package: graphicx 2020/09/09 v1.2b Enhanced LaTeX Graphics (DPC,SPQR)
 (C:\Users\Josep\AppData\Local\Programs\MiKTeX\tex/latex/graphics\graphics.sty
Package: graphics 2020/08/30 v1.4c Standard LaTeX Graphics (DPC,SPQR)
 (C:\Users\Josep\AppData\Local\Programs\MiKTeX\tex/latex/graphics\trig.sty
Package: trig 2016/01/03 v1.10 sin cos tan (DPC)
) (C:\Users\Josep\AppData\Local\Programs\MiKTeX\tex/latex/graphics-cfg\graphics.cfg
File: graphics.cfg 2016/06/04 v1.11 sample graphics configuration
)
Package graphics Info: Driver file: pdftex.def on input line 105.
 (C:\Users\Josep\AppData\Local\Programs\MiKTeX\tex/latex/graphics-def\pdftex.def
File: pdftex.def 2020/10/05 v1.2a Graphics/color driver for pdftex
))
\Gin@req@height=\dimen147
\Gin@req@width=\dimen148
) (C:\Users\Josep\AppData\Local\Programs\MiKTeX\tex/generic/babel\babel.sty
Package: babel 2020/12/16 3.52 The Babel package
 (C:\Users\Josep\AppData\Local\Programs\MiKTeX\tex/generic/babel\babel.def
File: babel.def 2020/12/16 3.52 Babel common definitions
\babel@savecnt=\count189
\U@D=\dimen149
\l@babelnohyphens=\language79
 (C:\Users\Josep\AppData\Local\Programs\MiKTeX\tex/generic/babel\txtbabel.def)
\bbl@readstream=\read2
)
\bbl@dirlevel=\count190

*************************************
* Local config file bblopts.cfg used
*
(C:\Users\Josep\AppData\Local\Programs\MiKTeX\tex/latex/arabi\bblopts.cfg
File: bblopts.cfg 2005/09/08 v0.1 add Arabic and Farsi to "declared" options of babel
) (C:\Users\Josep\AppData\Local\Programs\MiKTeX\tex/latex/babel-english\american.ldf
Language: american 2017/06/06 v3.3r English support from the babel system
 (C:\Users\Josep\AppData\Local\Programs\MiKTeX\tex/latex/babel-english\english.ldf
Language: english 2017/06/06 v3.3r English support from the babel system
Package babel Info: \l@canadian = using hyphenrules for english
(babel)             (\language0) on input line 102.
Package babel Info: \l@australian = using hyphenrules for ukenglish
(babel)             (\language73) on input line 105.
Package babel Info: \l@newzealand = using hyphenrules for ukenglish
(babel)             (\language73) on input line 108.
))) (C:\Users\Josep\AppData\Roaming\MiKTeX\tex/latex/caption\caption.sty
Package: caption 2020/10/26 v3.5g Customizing captions (AR)
 (C:\Users\Josep\AppData\Roaming\MiKTeX\tex/latex/caption\caption3.sty
Package: caption3 2020/10/21 v2.2e caption3 kernel (AR)
\captionmargin=\dimen150
\captionmargin@=\dimen151
\captionwidth=\dimen152
\caption@tempdima=\dimen153
\caption@indent=\dimen154
\caption@parindent=\dimen155
\caption@hangindent=\dimen156
Package caption Info: Standard document class detected.
)
\c@caption@flags=\count191
\c@continuedfloat=\count192
) (C:\Users\Josep\AppData\Roaming\MiKTeX\tex/latex/fancyhdr\fancyhdr.sty
Package: fancyhdr 2019/01/31 v3.10 Extensive control of page headers and footers
\f@nch@headwidth=\skip49
\f@nch@O@elh=\skip50
\f@nch@O@erh=\skip51
\f@nch@O@olh=\skip52
\f@nch@O@orh=\skip53
\f@nch@O@elf=\skip54
\f@nch@O@erf=\skip55
\f@nch@O@olf=\skip56
\f@nch@O@orf=\skip57
) (C:\Users\Josep\AppData\Roaming\MiKTeX\tex/latex/tocloft\tocloft.sty
Package: tocloft 2017/08/31 v2.3i parameterised ToC, etc., typesetting
Package tocloft Info: The document has section divisions on input line 51.
\cftparskip=\skip58
\cftbeforetoctitleskip=\skip59
\cftaftertoctitleskip=\skip60
\cftbeforepartskip=\skip61
\cftpartnumwidth=\skip62
\cftpartindent=\skip63
\cftbeforesecskip=\skip64
\cftsecindent=\skip65
\cftsecnumwidth=\skip66
\cftbeforesubsecskip=\skip67
\cftsubsecindent=\skip68
\cftsubsecnumwidth=\skip69
\cftbeforesubsubsecskip=\skip70
\cftsubsubsecindent=\skip71
\cftsubsubsecnumwidth=\skip72
\cftbeforeparaskip=\skip73
\cftparaindent=\skip74
\cftparanumwidth=\skip75
\cftbeforesubparaskip=\skip76
\cftsubparaindent=\skip77
\cftsubparanumwidth=\skip78
\cftbeforeloftitleskip=\skip79
\cftafterloftitleskip=\skip80
\cftbeforefigskip=\skip81
\cftfigindent=\skip82
\cftfignumwidth=\skip83
\c@lofdepth=\count193
\c@lotdepth=\count194
\cftbeforelottitleskip=\skip84
\cftafterlottitleskip=\skip85
\cftbeforetabskip=\skip86
\cfttabindent=\skip87
\cfttabnumwidth=\skip88


Package tocloft Warning: \@starttoc has already been redefined; tocloft bailing out. on input line 1156.

) (C:\Users\Josep\AppData\Local\Programs\MiKTeX\tex/latex/amsmath\amsmath.sty
Package: amsmath 2020/09/23 v2.17i AMS math features
\@mathmargin=\skip89

For additional information on amsmath, use the `?' option.
(C:\Users\Josep\AppData\Local\Programs\MiKTeX\tex/latex/amsmath\amstext.sty
Package: amstext 2000/06/29 v2.01 AMS text
 (C:\Users\Josep\AppData\Local\Programs\MiKTeX\tex/latex/amsmath\amsgen.sty
File: amsgen.sty 1999/11/30 v2.0 generic functions
\@emptytoks=\toks17
\ex@=\dimen157
)) (C:\Users\Josep\AppData\Local\Programs\MiKTeX\tex/latex/amsmath\amsbsy.sty
Package: amsbsy 1999/11/29 v1.2d Bold Symbols
\pmbraise@=\dimen158
) (C:\Users\Josep\AppData\Local\Programs\MiKTeX\tex/latex/amsmath\amsopn.sty
Package: amsopn 2016/03/08 v2.02 operator names
)
\inf@bad=\count195
LaTeX Info: Redefining \frac on input line 234.
\uproot@=\count196
\leftroot@=\count197
LaTeX Info: Redefining \overline on input line 399.
\classnum@=\count198
\DOTSCASE@=\count199
LaTeX Info: Redefining \ldots on input line 496.
LaTeX Info: Redefining \dots on input line 499.
LaTeX Info: Redefining \cdots on input line 620.
\Mathstrutbox@=\box47
\strutbox@=\box48
\big@size=\dimen159
LaTeX Font Info:    Redeclaring font encoding OML on input line 743.
LaTeX Font Info:    Redeclaring font encoding OMS on input line 744.
\macc@depth=\count266
\c@MaxMatrixCols=\count267
\dotsspace@=\muskip16
\c@parentequation=\count268
\dspbrk@lvl=\count269
\tag@help=\toks18
\row@=\count270
\column@=\count271
\maxfields@=\count272
\andhelp@=\toks19
\eqnshift@=\dimen160
\alignsep@=\dimen161
\tagshift@=\dimen162
\tagwidth@=\dimen163
\totwidth@=\dimen164
\lineht@=\dimen165
\@envbody=\toks20
\multlinegap=\skip90
\multlinetaggap=\skip91
\mathdisplay@stack=\toks21
LaTeX Info: Redefining \[ on input line 2923.
LaTeX Info: Redefining \] on input line 2924.
) (C:\Users\Josep\AppData\Local\Programs\MiKTeX\tex/latex/hyperref\hyperref.sty
Package: hyperref 2020-05-15 v7.00e Hypertext links for LaTeX
 (C:\Users\Josep\AppData\Local\Programs\MiKTeX\tex/generic/pdftexcmds\pdftexcmds.sty
Package: pdftexcmds 2020-06-27 v0.33 Utility functions of pdfTeX for LuaTeX (HO)
 (C:\Users\Josep\AppData\Roaming\MiKTeX\tex/generic/infwarerr\infwarerr.sty
Package: infwarerr 2019/12/03 v1.5 Providing info/warning/error messages (HO)
)
Package pdftexcmds Info: \pdf@primitive is available.
Package pdftexcmds Info: \pdf@ifprimitive is available.
Package pdftexcmds Info: \pdfdraftmode found.
) (C:\Users\Josep\AppData\Roaming\MiKTeX\tex/generic/kvdefinekeys\kvdefinekeys.sty
Package: kvdefinekeys 2019-12-19 v1.6 Define keys (HO)
) (C:\Users\Josep\AppData\Roaming\MiKTeX\tex/generic/pdfescape\pdfescape.sty
Package: pdfescape 2019/12/09 v1.15 Implements pdfTeX's escape features (HO)
) (C:\Users\Josep\AppData\Roaming\MiKTeX\tex/latex/hycolor\hycolor.sty
Package: hycolor 2020-01-27 v1.10 Color options for hyperref/bookmark (HO)
) (C:\Users\Josep\AppData\Roaming\MiKTeX\tex/latex/letltxmacro\letltxmacro.sty
Package: letltxmacro 2019/12/03 v1.6 Let assignment for LaTeX macros (HO)
) (C:\Users\Josep\AppData\Roaming\MiKTeX\tex/latex/auxhook\auxhook.sty
Package: auxhook 2019-12-17 v1.6 Hooks for auxiliary files (HO)
)
\@linkdim=\dimen166
\Hy@linkcounter=\count273
\Hy@pagecounter=\count274
 (C:\Users\Josep\AppData\Local\Programs\MiKTeX\tex/latex/hyperref\pd1enc.def
File: pd1enc.def 2020-05-15 v7.00e Hyperref: PDFDocEncoding definition (HO)
Now handling font encoding PD1 ...
... no UTF-8 mapping file for font encoding PD1
) (C:\Users\Josep\AppData\Roaming\MiKTeX\tex/generic/intcalc\intcalc.sty
Package: intcalc 2019/12/15 v1.3 Expandable calculations with integers (HO)
) (C:\Users\Josep\AppData\Roaming\MiKTeX\tex/generic/etexcmds\etexcmds.sty
Package: etexcmds 2019/12/15 v1.7 Avoid name clashes with e-TeX commands (HO)
)
\Hy@SavedSpaceFactor=\count275
Package hyperref Info: Hyper figures OFF on input line 4464.
Package hyperref Info: Link nesting OFF on input line 4469.
Package hyperref Info: Hyper index ON on input line 4472.
Package hyperref Info: Plain pages OFF on input line 4479.
Package hyperref Info: Backreferencing OFF on input line 4484.
Package hyperref Info: Implicit mode ON; LaTeX internals redefined.
Package hyperref Info: Bookmarks ON on input line 4717.
\c@Hy@tempcnt=\count276
 (C:\Users\Josep\AppData\Local\Programs\MiKTeX\tex/latex/url\url.sty
\Urlmuskip=\muskip17
Package: url 2013/09/16  ver 3.4  Verb mode for urls, etc.
)
LaTeX Info: Redefining \url on input line 5076.
\XeTeXLinkMargin=\dimen167
 (C:\Users\Josep\AppData\Roaming\MiKTeX\tex/generic/bitset\bitset.sty
Package: bitset 2019/12/09 v1.3 Handle bit-vector datatype (HO)
 (C:\Users\Josep\AppData\Roaming\MiKTeX\tex/generic/bigintcalc\bigintcalc.sty
Package: bigintcalc 2019/12/15 v1.5 Expandable calculations on big integers (HO)
))
\Fld@menulength=\count277
\Field@Width=\dimen168
\Fld@charsize=\dimen169
Package hyperref Info: Hyper figures OFF on input line 6347.
Package hyperref Info: Link nesting OFF on input line 6352.
Package hyperref Info: Hyper index ON on input line 6355.
Package hyperref Info: backreferencing OFF on input line 6362.
Package hyperref Info: Link coloring OFF on input line 6367.
Package hyperref Info: Link coloring with OCG OFF on input line 6372.
Package hyperref Info: PDF/A mode OFF on input line 6377.
LaTeX Info: Redefining \ref on input line 6417.
LaTeX Info: Redefining \pageref on input line 6421.
 (C:\Users\Josep\AppData\Local\Programs\MiKTeX\tex/latex/base\atbegshi-ltx.sty
Package: atbegshi-ltx 2020/08/17 v1.0a Emulation of the original atbegshi package
with kernel methods
)
\Hy@abspage=\count278
\c@Item=\count279
\c@Hfootnote=\count280
)
Package hyperref Info: Driver (autodetected): hpdftex.
 (C:\Users\Josep\AppData\Local\Programs\MiKTeX\tex/latex/hyperref\hpdftex.def
File: hpdftex.def 2020-05-15 v7.00e Hyperref driver for pdfTeX
 (C:\Users\Josep\AppData\Local\Programs\MiKTeX\tex/latex/base\atveryend-ltx.sty
Package: atveryend-ltx 2020/08/19 v1.0a Emulation of the original atvery package
with kernel methods
)
\Fld@listcount=\count281
\c@bookmark@seq@number=\count282
 (C:\Users\Josep\AppData\Roaming\MiKTeX\tex/latex/rerunfilecheck\rerunfilecheck.sty
Package: rerunfilecheck 2019/12/05 v1.9 Rerun checks for auxiliary files (HO)
 (C:\Users\Josep\AppData\Roaming\MiKTeX\tex/generic/uniquecounter\uniquecounter.sty
Package: uniquecounter 2019/12/15 v1.4 Provide unlimited unique counter (HO)
)
Package uniquecounter Info: New unique counter `rerunfilecheck' on input line 286.
)
\Hy@SectionHShift=\skip92
)
Package hyperref Info: Option `colorlinks' set `true' on input line 43.
 (C:\Users\Josep\AppData\Roaming\MiKTeX\tex/latex/import\import.sty
Package: import 2020/04/01  v 6.2
) (C:\Users\Josep\AppData\Roaming\MiKTeX\tex/latex/xifthen\xifthen.sty
Package: xifthen 2015/11/05 v1.4.0 Extended ifthen features
 (C:\Users\Josep\AppData\Local\Programs\MiKTeX\tex/latex/tools\calc.sty
Package: calc 2017/05/25 v4.3 Infix arithmetic (KKT,FJ)
\calc@Acount=\count283
\calc@Bcount=\count284
\calc@Adimen=\dimen170
\calc@Bdimen=\dimen171
\calc@Askip=\skip93
\calc@Bskip=\skip94
LaTeX Info: Redefining \setlength on input line 80.
LaTeX Info: Redefining \addtolength on input line 81.
\calc@Ccount=\count285
\calc@Cskip=\skip95
) (C:\Users\Josep\AppData\Local\Programs\MiKTeX\tex/latex/base\ifthen.sty
Package: ifthen 2014/09/29 v1.1c Standard LaTeX ifthen package (DPC)
) (C:\Users\Josep\AppData\Roaming\MiKTeX\tex/latex/ifmtarg\ifmtarg.sty
Package: ifmtarg 2018/04/16 v1.2b check for an empty argument
)) (C:\Users\Josep\AppData\Roaming\MiKTeX\tex/latex/pdfpages\pdfpages.sty
Package: pdfpages 2020/01/28 v0.5q Insert pages of external PDF documents (AM)
 (C:\Users\Josep\AppData\Roaming\MiKTeX\tex/latex/eso-pic\eso-pic.sty
Package: eso-pic 2020/10/14 v3.0a eso-pic (RN)
\ESO@tempdima=\dimen172
\ESO@tempdimb=\dimen173
 (C:\Users\Josep\AppData\Local\Programs\MiKTeX\tex/latex/xcolor\xcolor.sty
Package: xcolor 2016/05/11 v2.12 LaTeX color extensions (UK)
 (C:\Users\Josep\AppData\Local\Programs\MiKTeX\tex/latex/graphics-cfg\color.cfg
File: color.cfg 2016/01/02 v1.6 sample color configuration
)
Package xcolor Info: Driver file: pdftex.def on input line 225.
Package xcolor Info: Model `cmy' substituted by `cmy0' on input line 1348.
Package xcolor Info: Model `hsb' substituted by `rgb' on input line 1352.
Package xcolor Info: Model `RGB' extended on input line 1364.
Package xcolor Info: Model `HTML' substituted by `rgb' on input line 1366.
Package xcolor Info: Model `Hsb' substituted by `hsb' on input line 1367.
Package xcolor Info: Model `tHsb' substituted by `hsb' on input line 1368.
Package xcolor Info: Model `HSB' substituted by `hsb' on input line 1369.
Package xcolor Info: Model `Gray' substituted by `gray' on input line 1370.
Package xcolor Info: Model `wave' substituted by `hsb' on input line 1371.
))
\AM@pagewidth=\dimen174
\AM@pageheight=\dimen175
 (C:\Users\Josep\AppData\Roaming\MiKTeX\tex/latex/pdfpages\pppdftex.def
File: pppdftex.def 2020/01/28 v0.5q Pdfpages driver for pdfTeX (AM)
)
\AM@pagebox=\box49
\AM@global@opts=\toks22
\AM@pagecnt=\count286
\AM@toc@title=\toks23
\c@AM@survey=\count287
\AM@templatesizebox=\box50
) (C:\Users\Josep\AppData\Roaming\MiKTeX\tex/latex/transparent\transparent.sty
Package: transparent 2019/11/29 v1.4 Transparency via pdfTeX's color stack (HO)
) (C:\Users\Josep\AppData\Roaming\MiKTeX\tex/latex/svg\svg.sty
Package: svg 2020/11/26 v2.02k (include SVG pictures)
 (C:\Users\Josep\AppData\Roaming\MiKTeX\tex/latex/koma-script\scrbase.sty
Package: scrbase 2020/09/21 v3.32 KOMA-Script package (KOMA-Script-independent basics and keyval usage)
 (C:\Users\Josep\AppData\Roaming\MiKTeX\tex/latex/koma-script\scrlfile.sty
Package: scrlfile 2020/09/21 v3.32 KOMA-Script package (file load hooks)
 (C:\Users\Josep\AppData\Roaming\MiKTeX\tex/latex/koma-script\scrlfile-hook.sty
Package: scrlfile-hook 2020/09/21 v3.32 KOMA-Script package (using LaTeX hooks)

LaTeX3 Info: Defining command \BeforeFile with sig. 'm' on line 61.


LaTeX3 Info: Defining command \AfterFile with sig. 'm' on line 65.


LaTeX3 Info: Defining command \BeforeClass with sig. 'm' on line 69.


LaTeX3 Info: Defining command \BeforePackage with sig. 'm' on line 73.


LaTeX3 Info: Defining command \AfterAtEndOfClass with sig. 'smo+m' on line 83.


LaTeX3 Info: Defining command \AfterAtEndOfPackage with sig. 'smo+m' on line
(LaTeX3)     93.


LaTeX3 Info: Defining command \scrlfile@AfterClass with sig. 'smo+m' on line
(LaTeX3)     173.


LaTeX3 Info: Defining command \AfterClass with sig. '' on line 174.


LaTeX3 Info: Defining command \scrlfile@AfterPackage with sig. 'smo+m' on line
(LaTeX3)     191.


LaTeX3 Info: Defining command \AfterPackage with sig. '' on line 192.


LaTeX3 Info: Defining command \ReplaceInput with sig. '' on line 193.


LaTeX3 Info: Defining command \ReplaceClass with sig. 'mm' on line 196.


LaTeX3 Info: Defining command \ReplacePackage with sig. 'mm' on line 199.


LaTeX3 Info: Defining command \UnReplaceInput with sig. '' on line 200.


LaTeX3 Info: Defining command \UnReplaceClass with sig. 'm' on line 203.


LaTeX3 Info: Defining command \UnReplacePackage with sig. 'mm' on line 206.


LaTeX3 Info: Defining command \PreventPackageFromLoading with sig. 's+om' on
(LaTeX3)     line 234.


LaTeX3 Info: Defining command \StorePreventPackageFromLoading with sig. 'm' on
(LaTeX3)     line 242.


LaTeX3 Info: Defining command \ResetPreventPackageFromLoading with sig. '' on
(LaTeX3)     line 247.


LaTeX3 Info: Defining command \UnPreventPackageFromLoading with sig. 'sm' on
(LaTeX3)     line 261.


LaTeX3 Info: Defining command \BeforeClosingMainAux with sig. 'om' on line
(LaTeX3)     274.


LaTeX3 Info: Defining command \AfterReadingMainAux with sig. 'om' on line 287.


LaTeX3 Info: Defining command \protected@immediate@write with sig. 'm+m+m' on
(LaTeX3)     line 298.

 (C:\Users\Josep\AppData\Roaming\MiKTeX\tex/latex/koma-script\scrlogo.sty
Package: scrlogo 2020/09/21 v3.32 KOMA-Script package (logo)
)))) (C:\Users\Josep\AppData\Local\Programs\MiKTeX\tex/latex/trimspaces\trimspaces.sty
Package: trimspaces 2009/09/17 v1.1 Trim spaces around a token list
) (C:\Users\Josep\AppData\Local\Programs\MiKTeX\tex/latex/tools\shellesc.sty
Package: shellesc 2019/11/08 v1.0c unified shell escape interface for LaTeX
Package shellesc Info: Restricted shell escape enabled on input line 77.
)
\c@svg@param@lastpage=\count288
\svg@box=\box51
\c@svg@param@currpage=\count289
) (C:\Users\Josep\AppData\Local\Programs\MiKTeX\tex/latex/pgf/systemlayer\pgfsys.sty (C:\Users\Josep\AppData\Local\Programs\MiKTeX\tex/latex/pgf/utilities\pgfrcs.sty (C:\Users\Josep\AppData\Local\Programs\MiKTeX\tex/generic/pgf/utilities\pgfutil-common.tex
\pgfutil@everybye=\toks24
\pgfutil@tempdima=\dimen176
\pgfutil@tempdimb=\dimen177
 (C:\Users\Josep\AppData\Local\Programs\MiKTeX\tex/generic/pgf/utilities\pgfutil-common-lists.tex)) (C:\Users\Josep\AppData\Local\Programs\MiKTeX\tex/generic/pgf/utilities\pgfutil-latex.def
\pgfutil@abb=\box52
) (C:\Users\Josep\AppData\Local\Programs\MiKTeX\tex/generic/pgf/utilities\pgfrcs.code.tex (C:\Users\Josep\AppData\Local\Programs\MiKTeX\tex/generic/pgf\pgf.revision.tex)
Package: pgfrcs 2020/12/01 v3.1.7a (3.1.7a)
)) (C:\Users\Josep\AppData\Local\Programs\MiKTeX\tex/generic/pgf/systemlayer\pgfsys.code.tex
Package: pgfsys 2020/12/01 v3.1.7a (3.1.7a)
 (C:\Users\Josep\AppData\Local\Programs\MiKTeX\tex/generic/pgf/utilities\pgfkeys.code.tex
\pgfkeys@pathtoks=\toks25
\pgfkeys@temptoks=\toks26
 (C:\Users\Josep\AppData\Local\Programs\MiKTeX\tex/generic/pgf/utilities\pgfkeysfiltered.code.tex
\pgfkeys@tmptoks=\toks27
))
\pgf@x=\dimen178
\pgf@y=\dimen179
\pgf@xa=\dimen180
\pgf@ya=\dimen181
\pgf@xb=\dimen182
\pgf@yb=\dimen183
\pgf@xc=\dimen184
\pgf@yc=\dimen185
\pgf@xd=\dimen186
\pgf@yd=\dimen187
\w@pgf@writea=\write3
\r@pgf@reada=\read3
\c@pgf@counta=\count290
\c@pgf@countb=\count291
\c@pgf@countc=\count292
\c@pgf@countd=\count293
\t@pgf@toka=\toks28
\t@pgf@tokb=\toks29
\t@pgf@tokc=\toks30
\pgf@sys@id@count=\count294
 (C:\Users\Josep\AppData\Local\Programs\MiKTeX\tex/generic/pgf/systemlayer\pgf.cfg
File: pgf.cfg 2020/12/01 v3.1.7a (3.1.7a)
)
Driver file for pgf: pgfsys-pdftex.def
 (C:\Users\Josep\AppData\Local\Programs\MiKTeX\tex/generic/pgf/systemlayer\pgfsys-pdftex.def
File: pgfsys-pdftex.def 2020/12/01 v3.1.7a (3.1.7a)
 (C:\Users\Josep\AppData\Local\Programs\MiKTeX\tex/generic/pgf/systemlayer\pgfsys-common-pdf.def
File: pgfsys-common-pdf.def 2020/12/01 v3.1.7a (3.1.7a)
))) (C:\Users\Josep\AppData\Local\Programs\MiKTeX\tex/generic/pgf/systemlayer\pgfsyssoftpath.code.tex
File: pgfsyssoftpath.code.tex 2020/12/01 v3.1.7a (3.1.7a)
\pgfsyssoftpath@smallbuffer@items=\count295
\pgfsyssoftpath@bigbuffer@items=\count296
) (C:\Users\Josep\AppData\Local\Programs\MiKTeX\tex/generic/pgf/systemlayer\pgfsysprotocol.code.tex
File: pgfsysprotocol.code.tex 2020/12/01 v3.1.7a (3.1.7a)
)) (C:\Users\Josep\AppData\Roaming\MiKTeX\tex/latex/circuitikz\circuitikz.sty
Package: circuitikz 2020/12/16{} The CircuiTikz circuit drawing package version 1.2.6
 (C:\Users\Josep\AppData\Local\Programs\MiKTeX\tex/latex/pgf/frontendlayer\tikz.sty (C:\Users\Josep\AppData\Local\Programs\MiKTeX\tex/latex/pgf/basiclayer\pgf.sty
Package: pgf 2020/12/01 v3.1.7a (3.1.7a)
 (C:\Users\Josep\AppData\Local\Programs\MiKTeX\tex/latex/pgf/basiclayer\pgfcore.sty (C:\Users\Josep\AppData\Local\Programs\MiKTeX\tex/generic/pgf/basiclayer\pgfcore.code.tex
Package: pgfcore 2020/12/01 v3.1.7a (3.1.7a)
 (C:\Users\Josep\AppData\Local\Programs\MiKTeX\tex/generic/pgf/math\pgfmath.code.tex (C:\Users\Josep\AppData\Local\Programs\MiKTeX\tex/generic/pgf/math\pgfmathcalc.code.tex (C:\Users\Josep\AppData\Local\Programs\MiKTeX\tex/generic/pgf/math\pgfmathutil.code.tex) (C:\Users\Josep\AppData\Local\Programs\MiKTeX\tex/generic/pgf/math\pgfmathparser.code.tex
\pgfmath@dimen=\dimen188
\pgfmath@count=\count297
\pgfmath@box=\box53
\pgfmath@toks=\toks31
\pgfmath@stack@operand=\toks32
\pgfmath@stack@operation=\toks33
) (C:\Users\Josep\AppData\Local\Programs\MiKTeX\tex/generic/pgf/math\pgfmathfunctions.code.tex (C:\Users\Josep\AppData\Local\Programs\MiKTeX\tex/generic/pgf/math\pgfmathfunctions.basic.code.tex) (C:\Users\Josep\AppData\Local\Programs\MiKTeX\tex/generic/pgf/math\pgfmathfunctions.trigonometric.code.tex) (C:\Users\Josep\AppData\Local\Programs\MiKTeX\tex/generic/pgf/math\pgfmathfunctions.random.code.tex) (C:\Users\Josep\AppData\Local\Programs\MiKTeX\tex/generic/pgf/math\pgfmathfunctions.comparison.code.tex) (C:\Users\Josep\AppData\Local\Programs\MiKTeX\tex/generic/pgf/math\pgfmathfunctions.base.code.tex) (C:\Users\Josep\AppData\Local\Programs\MiKTeX\tex/generic/pgf/math\pgfmathfunctions.round.code.tex) (C:\Users\Josep\AppData\Local\Programs\MiKTeX\tex/generic/pgf/math\pgfmathfunctions.misc.code.tex) (C:\Users\Josep\AppData\Local\Programs\MiKTeX\tex/generic/pgf/math\pgfmathfunctions.integerarithmetics.code.tex))) (C:\Users\Josep\AppData\Local\Programs\MiKTeX\tex/generic/pgf/math\pgfmathfloat.code.tex
\c@pgfmathroundto@lastzeros=\count298
)) (C:\Users\Josep\AppData\Local\Programs\MiKTeX\tex/generic/pgf/math\pgfint.code.tex) (C:\Users\Josep\AppData\Local\Programs\MiKTeX\tex/generic/pgf/basiclayer\pgfcorepoints.code.tex
File: pgfcorepoints.code.tex 2020/12/01 v3.1.7a (3.1.7a)
\pgf@picminx=\dimen189
\pgf@picmaxx=\dimen190
\pgf@picminy=\dimen191
\pgf@picmaxy=\dimen192
\pgf@pathminx=\dimen193
\pgf@pathmaxx=\dimen194
\pgf@pathminy=\dimen195
\pgf@pathmaxy=\dimen196
\pgf@xx=\dimen197
\pgf@xy=\dimen198
\pgf@yx=\dimen199
\pgf@yy=\dimen256
\pgf@zx=\dimen257
\pgf@zy=\dimen258
) (C:\Users\Josep\AppData\Local\Programs\MiKTeX\tex/generic/pgf/basiclayer\pgfcorepathconstruct.code.tex
File: pgfcorepathconstruct.code.tex 2020/12/01 v3.1.7a (3.1.7a)
\pgf@path@lastx=\dimen259
\pgf@path@lasty=\dimen260
) (C:\Users\Josep\AppData\Local\Programs\MiKTeX\tex/generic/pgf/basiclayer\pgfcorepathusage.code.tex
File: pgfcorepathusage.code.tex 2020/12/01 v3.1.7a (3.1.7a)
\pgf@shorten@end@additional=\dimen261
\pgf@shorten@start@additional=\dimen262
) (C:\Users\Josep\AppData\Local\Programs\MiKTeX\tex/generic/pgf/basiclayer\pgfcorescopes.code.tex
File: pgfcorescopes.code.tex 2020/12/01 v3.1.7a (3.1.7a)
\pgfpic=\box54
\pgf@hbox=\box55
\pgf@layerbox@main=\box56
\pgf@picture@serial@count=\count299
) (C:\Users\Josep\AppData\Local\Programs\MiKTeX\tex/generic/pgf/basiclayer\pgfcoregraphicstate.code.tex
File: pgfcoregraphicstate.code.tex 2020/12/01 v3.1.7a (3.1.7a)
\pgflinewidth=\dimen263
) (C:\Users\Josep\AppData\Local\Programs\MiKTeX\tex/generic/pgf/basiclayer\pgfcoretransformations.code.tex
File: pgfcoretransformations.code.tex 2020/12/01 v3.1.7a (3.1.7a)
\pgf@pt@x=\dimen264
\pgf@pt@y=\dimen265
\pgf@pt@temp=\dimen266
) (C:\Users\Josep\AppData\Local\Programs\MiKTeX\tex/generic/pgf/basiclayer\pgfcorequick.code.tex
File: pgfcorequick.code.tex 2020/12/01 v3.1.7a (3.1.7a)
) (C:\Users\Josep\AppData\Local\Programs\MiKTeX\tex/generic/pgf/basiclayer\pgfcoreobjects.code.tex
File: pgfcoreobjects.code.tex 2020/12/01 v3.1.7a (3.1.7a)
) (C:\Users\Josep\AppData\Local\Programs\MiKTeX\tex/generic/pgf/basiclayer\pgfcorepathprocessing.code.tex
File: pgfcorepathprocessing.code.tex 2020/12/01 v3.1.7a (3.1.7a)
) (C:\Users\Josep\AppData\Local\Programs\MiKTeX\tex/generic/pgf/basiclayer\pgfcorearrows.code.tex
File: pgfcorearrows.code.tex 2020/12/01 v3.1.7a (3.1.7a)
\pgfarrowsep=\dimen267
) (C:\Users\Josep\AppData\Local\Programs\MiKTeX\tex/generic/pgf/basiclayer\pgfcoreshade.code.tex
File: pgfcoreshade.code.tex 2020/12/01 v3.1.7a (3.1.7a)
\pgf@max=\dimen268
\pgf@sys@shading@range@num=\count300
\pgf@shadingcount=\count301
) (C:\Users\Josep\AppData\Local\Programs\MiKTeX\tex/generic/pgf/basiclayer\pgfcoreimage.code.tex
File: pgfcoreimage.code.tex 2020/12/01 v3.1.7a (3.1.7a)
 (C:\Users\Josep\AppData\Local\Programs\MiKTeX\tex/generic/pgf/basiclayer\pgfcoreexternal.code.tex
File: pgfcoreexternal.code.tex 2020/12/01 v3.1.7a (3.1.7a)
\pgfexternal@startupbox=\box57
)) (C:\Users\Josep\AppData\Local\Programs\MiKTeX\tex/generic/pgf/basiclayer\pgfcorelayers.code.tex
File: pgfcorelayers.code.tex 2020/12/01 v3.1.7a (3.1.7a)
) (C:\Users\Josep\AppData\Local\Programs\MiKTeX\tex/generic/pgf/basiclayer\pgfcoretransparency.code.tex
File: pgfcoretransparency.code.tex 2020/12/01 v3.1.7a (3.1.7a)
) (C:\Users\Josep\AppData\Local\Programs\MiKTeX\tex/generic/pgf/basiclayer\pgfcorepatterns.code.tex
File: pgfcorepatterns.code.tex 2020/12/01 v3.1.7a (3.1.7a)
) (C:\Users\Josep\AppData\Local\Programs\MiKTeX\tex/generic/pgf/basiclayer\pgfcorerdf.code.tex
File: pgfcorerdf.code.tex 2020/12/01 v3.1.7a (3.1.7a)
))) (C:\Users\Josep\AppData\Local\Programs\MiKTeX\tex/generic/pgf/modules\pgfmoduleshapes.code.tex
File: pgfmoduleshapes.code.tex 2020/12/01 v3.1.7a (3.1.7a)
\pgfnodeparttextbox=\box58
) (C:\Users\Josep\AppData\Local\Programs\MiKTeX\tex/generic/pgf/modules\pgfmoduleplot.code.tex
File: pgfmoduleplot.code.tex 2020/12/01 v3.1.7a (3.1.7a)
) (C:\Users\Josep\AppData\Local\Programs\MiKTeX\tex/latex/pgf/compatibility\pgfcomp-version-0-65.sty
Package: pgfcomp-version-0-65 2020/12/01 v3.1.7a (3.1.7a)
\pgf@nodesepstart=\dimen269
\pgf@nodesepend=\dimen270
) (C:\Users\Josep\AppData\Local\Programs\MiKTeX\tex/latex/pgf/compatibility\pgfcomp-version-1-18.sty
Package: pgfcomp-version-1-18 2020/12/01 v3.1.7a (3.1.7a)
)) (C:\Users\Josep\AppData\Local\Programs\MiKTeX\tex/latex/pgf/utilities\pgffor.sty (C:\Users\Josep\AppData\Local\Programs\MiKTeX\tex/latex/pgf/utilities\pgfkeys.sty (C:\Users\Josep\AppData\Local\Programs\MiKTeX\tex/generic/pgf/utilities\pgfkeys.code.tex)) (C:\Users\Josep\AppData\Local\Programs\MiKTeX\tex/latex/pgf/math\pgfmath.sty (C:\Users\Josep\AppData\Local\Programs\MiKTeX\tex/generic/pgf/math\pgfmath.code.tex)) (C:\Users\Josep\AppData\Local\Programs\MiKTeX\tex/generic/pgf/utilities\pgffor.code.tex
Package: pgffor 2020/12/01 v3.1.7a (3.1.7a)
 (C:\Users\Josep\AppData\Local\Programs\MiKTeX\tex/generic/pgf/math\pgfmath.code.tex)
\pgffor@iter=\dimen271
\pgffor@skip=\dimen272
\pgffor@stack=\toks34
\pgffor@toks=\toks35
)) (C:\Users\Josep\AppData\Local\Programs\MiKTeX\tex/generic/pgf/frontendlayer/tikz\tikz.code.tex
Package: tikz 2020/12/01 v3.1.7a (3.1.7a)
 (C:\Users\Josep\AppData\Local\Programs\MiKTeX\tex/generic/pgf/libraries\pgflibraryplothandlers.code.tex
File: pgflibraryplothandlers.code.tex 2020/12/01 v3.1.7a (3.1.7a)
\pgf@plot@mark@count=\count302
\pgfplotmarksize=\dimen273
)
\tikz@lastx=\dimen274
\tikz@lasty=\dimen275
\tikz@lastxsaved=\dimen276
\tikz@lastysaved=\dimen277
\tikz@lastmovetox=\dimen278
\tikz@lastmovetoy=\dimen279
\tikzleveldistance=\dimen280
\tikzsiblingdistance=\dimen281
\tikz@figbox=\box59
\tikz@figbox@bg=\box60
\tikz@tempbox=\box61
\tikz@tempbox@bg=\box62
\tikztreelevel=\count303
\tikznumberofchildren=\count304
\tikznumberofcurrentchild=\count305
\tikz@fig@count=\count306
 (C:\Users\Josep\AppData\Local\Programs\MiKTeX\tex/generic/pgf/modules\pgfmodulematrix.code.tex
File: pgfmodulematrix.code.tex 2020/12/01 v3.1.7a (3.1.7a)
\pgfmatrixcurrentrow=\count307
\pgfmatrixcurrentcolumn=\count308
\pgf@matrix@numberofcolumns=\count309
)
\tikz@expandcount=\count310
 (C:\Users\Josep\AppData\Local\Programs\MiKTeX\tex/generic/pgf/frontendlayer/tikz/libraries\tikzlibrarytopaths.code.tex
File: tikzlibrarytopaths.code.tex 2020/12/01 v3.1.7a (3.1.7a)
))) (C:\Users\Josep\AppData\Local\Programs\MiKTeX\tex/generic/pgf/frontendlayer/tikz/libraries\tikzlibrarycalc.code.tex
File: tikzlibrarycalc.code.tex 2020/12/01 v3.1.7a (3.1.7a)
) (C:\Users\Josep\AppData\Local\Programs\MiKTeX\tex/generic/pgf/libraries\pgflibraryarrows.meta.code.tex
File: pgflibraryarrows.meta.code.tex 2020/12/01 v3.1.7a (3.1.7a)
\pgfarrowinset=\dimen282
\pgfarrowlength=\dimen283
\pgfarrowwidth=\dimen284
\pgfarrowlinewidth=\dimen285
) (C:\Users\Josep\AppData\Local\Programs\MiKTeX\tex/generic/pgf/frontendlayer/tikz/libraries\tikzlibrarybending.code.tex
File: tikzlibrarybending.code.tex 2020/12/01 v3.1.7a (3.1.7a)
 (C:\Users\Josep\AppData\Local\Programs\MiKTeX\tex/generic/pgf/modules\pgfmodulebending.code.tex
File: pgfmodulebending.code.tex 2020/12/01 v3.1.7a (3.1.7a)
 (C:\Users\Josep\AppData\Local\Programs\MiKTeX\tex/generic/pgf/modules\pgfmodulenonlineartransformations.code.tex
File: pgfmodulenonlineartransformations.code.tex 2020/12/01 v3.1.7a (3.1.7a)
\pgftransformnonlinearflatness=\dimen286
)
(C:\Users\Josep\AppData\Local\Programs\MiKTeX\tex/generic/pgf/libraries\pgflibrarycurvilinear.code.tex
File: pgflibrarycurvilinear.code.tex 2020/12/01 v3.1.7a (3.1.7a)
\pgf@curvilinear@time@a=\dimen287
\pgf@curvilinear@length@a=\dimen288
\pgf@curvilinear@length@b=\dimen289
\pgf@curvilinear@length@c=\dimen290
\pgf@curvilinear@length@d=\dimen291
)
\pgf@arrows@the@rigidity=\dimen292
)) (C:\Users\Josep\AppData\Local\Programs\MiKTeX\tex/generic/pgf/frontendlayer/tikz/libraries\tikzlibraryfpu.code.tex (C:\Users\Josep\AppData\Local\Programs\MiKTeX\tex/generic/pgf/libraries\pgflibraryfpu.code.tex)) (C:\Users\Josep\AppData\Roaming\MiKTeX\tex/generic/circuitikz\pgfcirc.defines.tex
\pgf@circ@count@a=\count311
\pgf@circ@count@b=\count312
\pgf@circ@count@c=\count313
\pgf@circ@res@up=\dimen293
\pgf@circ@res@down=\dimen294
\pgf@circ@res@zero=\dimen295
\pgf@circ@res@left=\dimen296
\pgf@circ@res@right=\dimen297
\pgf@circ@res@other=\dimen298
\pgf@circ@res@step=\dimen299
\pgf@circ@res@temp=\dimen300
\pgf@circ@Rlen=\dimen301
\pgf@circ@scaled@Rlen=\dimen302
\pgfstartlinewidth=\dimen303
) (C:\Users\Josep\AppData\Roaming\MiKTeX\tex/generic/circuitikz\pgfcircutils.tex) (C:\Users\Josep\AppData\Roaming\MiKTeX\tex/generic/circuitikz\pgfcircshapes.tex) (C:\Users\Josep\AppData\Roaming\MiKTeX\tex/generic/circuitikz\pgfcircmonopoles.tex) (C:\Users\Josep\AppData\Roaming\MiKTeX\tex/generic/circuitikz\pgfcircbipoles.tex) (C:\Users\Josep\AppData\Roaming\MiKTeX\tex/generic/circuitikz\pgfcirctripoles.tex
\pgf@circ@res@count=\count314
) (C:\Users\Josep\AppData\Roaming\MiKTeX\tex/generic/circuitikz\pgfcircquadpoles.tex) (C:\Users\Josep\AppData\Roaming\MiKTeX\tex/generic/circuitikz\pgfcircmultipoles.tex) (C:\Users\Josep\AppData\Roaming\MiKTeX\tex/generic/circuitikz\pgfcirclabel.tex) (C:\Users\Josep\AppData\Roaming\MiKTeX\tex/generic/circuitikz\pgfcircvoltage.tex
\pgfcirc@labelshift=\dimen304
) (C:\Users\Josep\AppData\Roaming\MiKTeX\tex/generic/circuitikz\pgfcirccurrent.tex) (C:\Users\Josep\AppData\Roaming\MiKTeX\tex/generic/circuitikz\pgfcircflow.tex) (C:\Users\Josep\AppData\Roaming\MiKTeX\tex/generic/circuitikz\pgfcircpath.tex)) (C:\Users\Josep\AppData\Local\Programs\MiKTeX\tex/generic/pgf/frontendlayer/tikz/libraries\tikzlibraryarrows.code.tex
File: tikzlibraryarrows.code.tex 2020/12/01 v3.1.7a (3.1.7a)
 (C:\Users\Josep\AppData\Local\Programs\MiKTeX\tex/generic/pgf/libraries\pgflibraryarrows.code.tex
File: pgflibraryarrows.code.tex 2020/12/01 v3.1.7a (3.1.7a)
\arrowsize=\dimen305
)) (C:\Users\Josep\AppData\Local\Programs\MiKTeX\tex/generic/pgf/frontendlayer/tikz/libraries\tikzlibrarydecorations.markings.code.tex (C:\Users\Josep\AppData\Local\Programs\MiKTeX\tex/generic/pgf/frontendlayer/tikz/libraries\tikzlibrarydecorations.code.tex (C:\Users\Josep\AppData\Local\Programs\MiKTeX\tex/generic/pgf/modules\pgfmoduledecorations.code.tex
\pgfdecoratedcompleteddistance=\dimen306
\pgfdecoratedremainingdistance=\dimen307
\pgfdecoratedinputsegmentcompleteddistance=\dimen308
\pgfdecoratedinputsegmentremainingdistance=\dimen309
\pgf@decorate@distancetomove=\dimen310
\pgf@decorate@repeatstate=\count315
\pgfdecorationsegmentamplitude=\dimen311
\pgfdecorationsegmentlength=\dimen312
)
\tikz@lib@dec@box=\box63
) (C:\Users\Josep\AppData\Local\Programs\MiKTeX\tex/generic/pgf/libraries/decorations\pgflibrarydecorations.markings.code.tex)) (C:\Users\Josep\AppData\Local\Programs\MiKTeX\tex/latex/listings\listings.sty
\lst@mode=\count316
\lst@gtempboxa=\box64
\lst@token=\toks36
\lst@length=\count317
\lst@currlwidth=\dimen313
\lst@column=\count318
\lst@pos=\count319
\lst@lostspace=\dimen314
\lst@width=\dimen315
\lst@newlines=\count320
\lst@lineno=\count321
\lst@maxwidth=\dimen316
 (C:\Users\Josep\AppData\Local\Programs\MiKTeX\tex/latex/listings\lstmisc.sty
File: lstmisc.sty 2020/03/24 1.8d (Carsten Heinz)
\c@lstnumber=\count322
\lst@skipnumbers=\count323
\lst@framebox=\box65
) (C:\Users\Josep\AppData\Local\Programs\MiKTeX\tex/latex/listings\listings.cfg
File: listings.cfg 2020/03/24 1.8d listings configuration
))
Package: listings 2020/03/24 1.8d (Carsten Heinz)
 (C:\Users\Josep\AppData\Local\Programs\MiKTeX\tex/latex/pgfplots\pgfplots.sty (C:\Users\Josep\AppData\Local\Programs\MiKTeX\tex/generic/pgfplots\pgfplots.revision.tex)
Package: pgfplots 2020/02/29 v1.17 Data Visualization (1.17)
 (C:\Users\Josep\AppData\Local\Programs\MiKTeX\tex/generic/pgfplots\pgfplots.code.tex (C:\Users\Josep\AppData\Local\Programs\MiKTeX\tex/generic/pgfplots\pgfplotscore.code.tex
\t@pgfplots@toka=\toks37
\t@pgfplots@tokb=\toks38
\t@pgfplots@tokc=\toks39
\pgfplots@tmpa=\dimen317
\c@pgfplots@coordindex=\count324
\c@pgfplots@scanlineindex=\count325
 (C:\Users\Josep\AppData\Local\Programs\MiKTeX\tex/generic/pgfplots/sys\pgfplotssysgeneric.code.tex)) (C:\Users\Josep\AppData\Local\Programs\MiKTeX\tex/generic/pgfplots/libs\pgfplotslibrary.code.tex) (C:\Users\Josep\AppData\Local\Programs\MiKTeX\tex/generic/pgfplots/oldpgfcompatib\pgfplotsoldpgfsupp_loader.code.tex) (C:\Users\Josep\AppData\Local\Programs\MiKTeX\tex/generic/pgfplots/util\pgfplotsutil.code.tex (C:\Users\Josep\AppData\Local\Programs\MiKTeX\tex/generic/pgfplots/liststructure\pgfplotsliststructure.code.tex) (C:\Users\Josep\AppData\Local\Programs\MiKTeX\tex/generic/pgfplots/liststructure\pgfplotsliststructureext.code.tex) (C:\Users\Josep\AppData\Local\Programs\MiKTeX\tex/generic/pgfplots/liststructure\pgfplotsarray.code.tex
\c@pgfplotsarray@tmp=\count326
) (C:\Users\Josep\AppData\Local\Programs\MiKTeX\tex/generic/pgfplots/liststructure\pgfplotsmatrix.code.tex) (C:\Users\Josep\AppData\Local\Programs\MiKTeX\tex/generic/pgfplots/numtable\pgfplotstableshared.code.tex
\c@pgfplotstable@counta=\count327
\t@pgfplotstable@a=\toks40
) (C:\Users\Josep\AppData\Local\Programs\MiKTeX\tex/generic/pgfplots/liststructure\pgfplotsdeque.code.tex) (C:\Users\Josep\AppData\Local\Programs\MiKTeX\tex/generic/pgfplots/util\pgfplotsbinary.code.tex (C:\Users\Josep\AppData\Local\Programs\MiKTeX\tex/generic/pgfplots/util\pgfplotsbinary.data.code.tex)) (C:\Users\Josep\AppData\Local\Programs\MiKTeX\tex/generic/pgfplots/util\pgfplotsutil.verb.code.tex) (C:\Users\Josep\AppData\Local\Programs\MiKTeX\tex/generic/pgfplots/libs\pgflibrarypgfplots.surfshading.code.tex
\c@pgfplotslibrarysurf@no=\count328
 (C:\Users\Josep\AppData\Local\Programs\MiKTeX\tex/generic/pgfplots/sys\pgflibrarypgfplots.surfshading.pgfsys-pdftex.def))) (C:\Users\Josep\AppData\Local\Programs\MiKTeX\tex/generic/pgfplots/util\pgfplotscolormap.code.tex (C:\Users\Josep\AppData\Local\Programs\MiKTeX\tex/generic/pgfplots/util\pgfplotscolor.code.tex)) (C:\Users\Josep\AppData\Local\Programs\MiKTeX\tex/generic/pgfplots\pgfplotsstackedplots.code.tex) (C:\Users\Josep\AppData\Local\Programs\MiKTeX\tex/generic/pgfplots\pgfplotsplothandlers.code.tex (C:\Users\Josep\AppData\Local\Programs\MiKTeX\tex/generic/pgfplots\pgfplotsmeshplothandler.code.tex (C:\Users\Josep\AppData\Local\Programs\MiKTeX\tex/generic/pgfplots\pgfplotsmeshplotimage.code.tex))) (C:\Users\Josep\AppData\Local\Programs\MiKTeX\tex/generic/pgfplots\pgfplots.scaling.code.tex) (C:\Users\Josep\AppData\Local\Programs\MiKTeX\tex/generic/pgfplots\pgfplotscoordprocessing.code.tex) (C:\Users\Josep\AppData\Local\Programs\MiKTeX\tex/generic/pgfplots\pgfplots.errorbars.code.tex) (C:\Users\Josep\AppData\Local\Programs\MiKTeX\tex/generic/pgfplots\pgfplots.markers.code.tex) (C:\Users\Josep\AppData\Local\Programs\MiKTeX\tex/generic/pgfplots\pgfplotsticks.code.tex) (C:\Users\Josep\AppData\Local\Programs\MiKTeX\tex/generic/pgfplots\pgfplots.paths.code.tex) (C:\Users\Josep\AppData\Local\Programs\MiKTeX\tex/generic/pgf/frontendlayer/tikz/libraries\tikzlibrarydecorations.pathmorphing.code.tex (C:\Users\Josep\AppData\Local\Programs\MiKTeX\tex/generic/pgf/libraries/decorations\pgflibrarydecorations.pathmorphing.code.tex)) (C:\Users\Josep\AppData\Local\Programs\MiKTeX\tex/generic/pgf/frontendlayer/tikz/libraries\tikzlibrarydecorations.pathreplacing.code.tex (C:\Users\Josep\AppData\Local\Programs\MiKTeX\tex/generic/pgf/libraries/decorations\pgflibrarydecorations.pathreplacing.code.tex))
\pgfplots@numplots=\count329
\pgfplots@xmin@reg=\dimen318
\pgfplots@xmax@reg=\dimen319
\pgfplots@ymin@reg=\dimen320
\pgfplots@ymax@reg=\dimen321
\pgfplots@zmin@reg=\dimen322
\pgfplots@zmax@reg=\dimen323
) (C:\Users\Josep\AppData\Local\Programs\MiKTeX\tex/generic/pgf/frontendlayer/tikz/libraries\tikzlibraryplotmarks.code.tex
File: tikzlibraryplotmarks.code.tex 2020/12/01 v3.1.7a (3.1.7a)
 (C:\Users\Josep\AppData\Local\Programs\MiKTeX\tex/generic/pgf/libraries\pgflibraryplotmarks.code.tex
File: pgflibraryplotmarks.code.tex 2020/12/01 v3.1.7a (3.1.7a)
))) (C:\Users\Josep\AppData\Roaming\MiKTeX\tex/latex/steinmetz\steinmetz.sty
Package: steinmetz 2009/06/14 v1.0 Steinmetz symbol for electrotechnics
 (C:\Users\Josep\AppData\Roaming\MiKTeX\tex/latex/pict2e\pict2e.sty
Package: pict2e 2020/09/30 v0.4b Improved picture commands (HjG,RN,JT)
 (C:\Users\Josep\AppData\Roaming\MiKTeX\tex/latex/pict2e\pict2e.cfg
File: pict2e.cfg 2016/02/05 v0.1u pict2e configuration for teTeX/TeXLive
)
Package pict2e Info: Driver file: pdftex.def on input line 112.
Package pict2e Info: Driver file for pict2e: p2e-pdftex.def on input line 114.
 (C:\Users\Josep\AppData\Roaming\MiKTeX\tex/latex/pict2e\p2e-pdftex.def
File: p2e-pdftex.def 2016/02/05 v0.1u Driver-dependant file (RN,HjG,JT)
)
\pIIe@GRAPH=\toks41
\@arclen=\dimen324
\@arcrad=\dimen325
\pIIe@tempdima=\dimen326
\pIIe@tempdimb=\dimen327
\pIIe@tempdimc=\dimen328
\pIIe@tempdimd=\dimen329
\pIIe@tempdime=\dimen330
\pIIe@tempdimf=\dimen331
)
\stm@phasebox=\box66
\stm@phasedp=\skip96
\stm@phaseht=\skip97
\stm@phasetot=\skip98
\stm@phasewd=\skip99
) (C:\Users\Josep\AppData\Local\Programs\MiKTeX\tex/generic/pgf/frontendlayer/tikz/libraries\tikzlibraryshapes.geometric.code.tex
File: tikzlibraryshapes.geometric.code.tex 2020/12/01 v3.1.7a (3.1.7a)
 (C:\Users\Josep\AppData\Local\Programs\MiKTeX\tex/generic/pgf/libraries/shapes\pgflibraryshapes.geometric.code.tex
File: pgflibraryshapes.geometric.code.tex 2020/12/01 v3.1.7a (3.1.7a)
)) (C:\Users\Josep\AppData\Local\Programs\MiKTeX\tex/generic/pgf/frontendlayer/tikz/libraries\tikzlibrarypatterns.code.tex
File: tikzlibrarypatterns.code.tex 2020/12/01 v3.1.7a (3.1.7a)
 (C:\Users\Josep\AppData\Local\Programs\MiKTeX\tex/generic/pgf/libraries\pgflibrarypatterns.code.tex
File: pgflibrarypatterns.code.tex 2020/12/01 v3.1.7a (3.1.7a)
)) (C:\Users\Josep\AppData\Local\Programs\MiKTeX\tex/latex/biblatex\biblatex.sty
Package: biblatex 2020/08/23 v3.15a programmable bibliographies (PK/MW)
 (C:\Users\Josep\AppData\Roaming\MiKTeX\tex/latex/logreq\logreq.sty
Package: logreq 2010/08/04 v1.0 xml request logger
\lrq@indent=\count330
 (C:\Users\Josep\AppData\Roaming\MiKTeX\tex/latex/logreq\logreq.def
File: logreq.def 2010/08/04 v1.0 logreq spec v1.0
))
\c@tabx@nest=\count331
\c@listtotal=\count332
\c@listcount=\count333
\c@liststart=\count334
\c@liststop=\count335
\c@citecount=\count336
\c@citetotal=\count337
\c@multicitecount=\count338
\c@multicitetotal=\count339
\c@instcount=\count340
\c@maxnames=\count341
\c@minnames=\count342
\c@maxitems=\count343
\c@minitems=\count344
\c@citecounter=\count345
\c@maxcitecounter=\count346
\c@savedcitecounter=\count347
\c@uniquelist=\count348
\c@uniquename=\count349
\c@refsection=\count350
\c@refsegment=\count351
\c@maxextratitle=\count352
\c@maxextratitleyear=\count353
\c@maxextraname=\count354
\c@maxextradate=\count355
\c@maxextraalpha=\count356
\c@abbrvpenalty=\count357
\c@highnamepenalty=\count358
\c@lownamepenalty=\count359
\c@maxparens=\count360
\c@parenlevel=\count361
\blx@tempcnta=\count362
\blx@tempcntb=\count363
\blx@tempcntc=\count364
\blx@maxsection=\count365
\blx@maxsegment@0=\count366
\blx@notetype=\count367
\blx@parenlevel@text=\count368
\blx@parenlevel@foot=\count369
\blx@sectionciteorder@0=\count370
\blx@entrysetcounter=\count371
\blx@biblioinstance=\count372
\labelnumberwidth=\skip100
\labelalphawidth=\skip101
\biblabelsep=\skip102
\bibitemsep=\skip103
\bibnamesep=\skip104
\bibinitsep=\skip105
\bibparsep=\skip106
\bibhang=\skip107
\blx@bcfin=\read4
\blx@bcfout=\write4
\blx@langwohyphens=\language80
\c@mincomprange=\count373
\c@maxcomprange=\count374
\c@mincompwidth=\count375
Package biblatex Info: Trying to load biblatex default data model...
Package biblatex Info: ... file 'blx-dm.def' found.
 (C:\Users\Josep\AppData\Local\Programs\MiKTeX\tex/latex/biblatex\blx-dm.def
File: blx-dm.def 2020/08/23 v3.15a biblatex localization (PK/MW)
)
Package biblatex Info: Trying to load biblatex style data model...
Package biblatex Info: ... file 'IEEE.dbx' not found.
Package biblatex Info: Trying to load biblatex custom data model...
Package biblatex Info: ... file 'biblatex-dm.cfg' not found.
\c@afterword=\count376
\c@savedafterword=\count377
\c@annotator=\count378
\c@savedannotator=\count379
\c@author=\count380
\c@savedauthor=\count381
\c@bookauthor=\count382
\c@savedbookauthor=\count383
\c@commentator=\count384
\c@savedcommentator=\count385
\c@editor=\count386
\c@savededitor=\count387
\c@editora=\count388
\c@savededitora=\count389
\c@editorb=\count390
\c@savededitorb=\count391
\c@editorc=\count392
\c@savededitorc=\count393
\c@foreword=\count394
\c@savedforeword=\count395
\c@holder=\count396
\c@savedholder=\count397
\c@introduction=\count398
\c@savedintroduction=\count399
\c@namea=\count400
\c@savednamea=\count401
\c@nameb=\count402
\c@savednameb=\count403
\c@namec=\count404
\c@savednamec=\count405
\c@translator=\count406
\c@savedtranslator=\count407
\c@shortauthor=\count408
\c@savedshortauthor=\count409
\c@shorteditor=\count410
\c@savedshorteditor=\count411
\c@labelname=\count412
\c@savedlabelname=\count413
\c@institution=\count414
\c@savedinstitution=\count415
\c@lista=\count416
\c@savedlista=\count417
\c@listb=\count418
\c@savedlistb=\count419
\c@listc=\count420
\c@savedlistc=\count421
\c@listd=\count422
\c@savedlistd=\count423
\c@liste=\count424
\c@savedliste=\count425
\c@listf=\count426
\c@savedlistf=\count427
\c@location=\count428
\c@savedlocation=\count429
\c@organization=\count430
\c@savedorganization=\count431
\c@origlocation=\count432
\c@savedoriglocation=\count433
\c@origpublisher=\count434
\c@savedorigpublisher=\count435
\c@publisher=\count436
\c@savedpublisher=\count437
\c@language=\count438
\c@savedlanguage=\count439
\c@origlanguage=\count440
\c@savedoriglanguage=\count441
\c@pageref=\count442
\c@savedpageref=\count443
\shorthandwidth=\skip108
\shortjournalwidth=\skip109
\shortserieswidth=\skip110
\shorttitlewidth=\skip111
\shortauthorwidth=\skip112
\shorteditorwidth=\skip113
\locallabelnumberwidth=\skip114
\locallabelalphawidth=\skip115
\localshorthandwidth=\skip116
\localshortjournalwidth=\skip117
\localshortserieswidth=\skip118
\localshorttitlewidth=\skip119
\localshortauthorwidth=\skip120
\localshorteditorwidth=\skip121
Package biblatex Info: Trying to load compatibility code...
Package biblatex Info: ... file 'blx-compat.def' found.
 (C:\Users\Josep\AppData\Local\Programs\MiKTeX\tex/latex/biblatex\blx-compat.def
File: blx-compat.def 2020/08/23 v3.15a biblatex compatibility (PK/MW)
) (C:\Users\Josep\AppData\Local\Programs\MiKTeX\tex/latex/l3kernel\expl3.sty
Package: expl3 2020-12-07 L3 programming layer (loader) 
 (C:\Users\Josep\AppData\Local\Programs\MiKTeX\tex/latex/l3backend\l3backend-pdftex.def
File: l3backend-pdftex.def 2020-09-24 L3 backend support: PDF output (pdfTeX)
\l__kernel_color_stack_int=\count444
\l__pdf_internal_box=\box67
))
Package biblatex Info: expl3
(biblatex)             2020-12-07 L3 programming layer (loader) 
(biblatex)             is new enough (at least 2020/04/06),
(biblatex)             setting 'casechanger=expl3'.
Package biblatex Info: Trying to load expl3 case changing code...
Package biblatex Info: ... file 'blx-case-expl3.def' found.
 (C:\Users\Josep\AppData\Local\Programs\MiKTeX\tex/latex/biblatex\blx-case-expl3.def (C:\Users\Josep\AppData\Local\Programs\MiKTeX\tex/latex/l3packages/xparse\xparse.sty
Package: xparse 2020-10-27 L3 Experimental document command parser
 (C:\Users\Josep\AppData\Local\Programs\MiKTeX\tex/latex/l3packages/xparse\xparse-generic.tex))
File: blx-case-expl3 2020/08/23 v3.15a expl3 case changing code for biblatex
)
Package biblatex Info: Trying to load generic definitions...
Package biblatex Info: ... file 'biblatex.def' found.
 (C:\Users\Josep\AppData\Local\Programs\MiKTeX\tex/latex/biblatex\biblatex.def
File: biblatex.def 2020/08/23 v3.15a biblatex compatibility (PK/MW)
\c@textcitecount=\count445
\c@textcitetotal=\count446
\c@textcitemaxnames=\count447
\c@biburlbigbreakpenalty=\count448
\c@biburlbreakpenalty=\count449
\c@biburlnumpenalty=\count450
\c@biburlucpenalty=\count451
\c@biburllcpenalty=\count452
\biburlbigskip=\muskip18
\biburlnumskip=\muskip19
\biburlucskip=\muskip20
\biburllcskip=\muskip21
\c@smartand=\count453
)
Package biblatex Info: Trying to load bibliography style 'IEEE'...
Package biblatex Info: ... file 'IEEE.bbx' found.
 (C:\Users\Josep\AppData\Roaming\MiKTeX\tex/latex/biblatex-ieee\IEEE.bbx
File: ieee.bbx 2020/08/31 v1.3c biblatex bibliography style
Package biblatex Info: Trying to load bibliography style 'numeric-comp'...
Package biblatex Info: ... file 'numeric-comp.bbx' found.
 (C:\Users\Josep\AppData\Local\Programs\MiKTeX\tex/latex/biblatex/bbx\numeric-comp.bbx
File: numeric-comp.bbx 2020/08/23 v3.15a biblatex bibliography style (PK/MW)
Package biblatex Info: Trying to load bibliography style 'numeric'...
Package biblatex Info: ... file 'numeric.bbx' found.
 (C:\Users\Josep\AppData\Local\Programs\MiKTeX\tex/latex/biblatex/bbx\numeric.bbx
File: numeric.bbx 2020/08/23 v3.15a biblatex bibliography style (PK/MW)
Package biblatex Info: Trying to load bibliography style 'standard'...
Package biblatex Info: ... file 'standard.bbx' found.
 (C:\Users\Josep\AppData\Local\Programs\MiKTeX\tex/latex/biblatex/bbx\standard.bbx
File: standard.bbx 2020/08/23 v3.15a biblatex bibliography style (PK/MW)
\c@bbx:relatedcount=\count454
\c@bbx:relatedtotal=\count455
))))
Package biblatex Info: Trying to load citation style 'IEEE'...
Package biblatex Info: ... file 'IEEE.cbx' found.
 (C:\Users\Josep\AppData\Roaming\MiKTeX\tex/latex/biblatex-ieee\IEEE.cbx
File: ieee.cbx 2020/08/31 v1.3c biblatex citation style
Package biblatex Info: Trying to load citation style 'numeric-comp'...
Package biblatex Info: ... file 'numeric-comp.cbx' found.
 (C:\Users\Josep\AppData\Local\Programs\MiKTeX\tex/latex/biblatex/cbx\numeric-comp.cbx
File: numeric-comp.cbx 2020/08/23 v3.15a biblatex citation style (PK/MW)
\c@cbx@tempcnta=\count456
\c@cbx@tempcntb=\count457
\c@cbx@tempcntc=\count458
\c@cbx@tempcntd=\count459
Package biblatex Info: Redefining '\cite'.
Package biblatex Info: Redefining '\parencite'.
Package biblatex Info: Redefining '\footcite'.
Package biblatex Info: Redefining '\footcitetext'.
Package biblatex Info: Redefining '\smartcite'.
Package biblatex Info: Redefining '\supercite'.
Package biblatex Info: Redefining '\textcite'.
Package biblatex Info: Redefining '\textcites'.
Package biblatex Info: Redefining '\cites'.
Package biblatex Info: Redefining '\parencites'.
Package biblatex Info: Redefining '\smartcites'.
)
Package biblatex Info: Redefining '\cite'.
Package biblatex Info: Redefining '\cites'.
)
Package biblatex Info: Trying to load configuration file...
Package biblatex Info: ... file 'biblatex.cfg' found.
 (C:\Users\Josep\AppData\Local\Programs\MiKTeX\tex/latex/biblatex\biblatex.cfg
File: biblatex.cfg 
)) (C:\Users\Josep\AppData\Local\Programs\MiKTeX\tex/latex/csquotes\csquotes.sty
Package: csquotes 2019-12-06 v5.2j context-sensitive quotations (JAW)
\csq@reset=\count460
\csq@gtype=\count461
\csq@glevel=\count462
\csq@qlevel=\count463
\csq@maxlvl=\count464
\csq@tshold=\count465
\csq@ltx@everypar=\toks42
 (C:\Users\Josep\AppData\Local\Programs\MiKTeX\tex/latex/csquotes\csquotes.def
File: csquotes.def 2019-12-06 v5.2j csquotes generic definitions (JAW)
)
Package csquotes Info: Trying to load configuration file 'csquotes.cfg'...
Package csquotes Info: ... configuration file loaded successfully.
 (C:\Users\Josep\AppData\Local\Programs\MiKTeX\tex/latex/csquotes\csquotes.cfg
File: csquotes.cfg 
)) (C:\Users\Josep\AppData\Local\Programs\MiKTeX\tex/generic/pgfplots/libs\tikzlibrarypgfplots.fillbetween.code.tex (C:\Users\Josep\AppData\Local\Programs\MiKTeX\tex/generic/pgfplots/pgfcontrib\tikzlibraryfillbetween.code.tex (C:\Users\Josep\AppData\Local\Programs\MiKTeX\tex/generic/pgf/frontendlayer/tikz/libraries\tikzlibraryintersections.code.tex (C:\Users\Josep\AppData\Local\Programs\MiKTeX\tex/generic/pgf/libraries\pgflibraryintersections.code.tex
\pgf@intersect@solutions=\count466
)) (C:\Users\Josep\AppData\Local\Programs\MiKTeX\tex/generic/pgfplots/pgfcontrib\tikzlibrarydecorations.softclip.code.tex (C:\Users\Josep\AppData\Local\Programs\MiKTeX\tex/generic/pgfplots/pgfcontrib\pgflibraryfillbetween.code.tex))) (C:\Users\Josep\AppData\Local\Programs\MiKTeX\tex/generic/pgfplots/libs\tikzlibrarypgfplots.decorations.softclip.code.tex)) (C:\Users\Josep\AppData\Roaming\MiKTeX\tex/latex/caption\subcaption.sty
Package: subcaption 2020/10/07 v1.3j Sub-captions (AR)
\c@subfigure=\count467
\c@subtable=\count468
) (C:\Users\Josep\AppData\Local\Programs\MiKTeX\tex/latex/lipsum\lipsum.sty
Package: lipsum 2021-03-03 v2.3 150 paragraphs of Lorem Ipsum dummy text
 (C:\Users\Josep\AppData\Local\Programs\MiKTeX\tex/latex/lipsum\lipsum.ltd.tex
File: lipsum.ltd.tex 2021-03-03 v2.3 The Lorem ipsum dummy text
)) (C:\Users\Josep\AppData\Local\Programs\MiKTeX\tex/latex/booktabs\booktabs.sty
Package: booktabs 2020/01/12 v1.61803398 Publication quality tables
\heavyrulewidth=\dimen332
\lightrulewidth=\dimen333
\cmidrulewidth=\dimen334
\belowrulesep=\dimen335
\belowbottomsep=\dimen336
\aboverulesep=\dimen337
\abovetopsep=\dimen338
\cmidrulesep=\dimen339
\cmidrulekern=\dimen340
\defaultaddspace=\dimen341
\@cmidla=\count469
\@cmidlb=\count470
\@aboverulesep=\dimen342
\@belowrulesep=\dimen343
\@thisruleclass=\count471
\@lastruleclass=\count472
\@thisrulewidth=\dimen344
) (C:\Users\Josep\AppData\Local\Programs\MiKTeX\tex/latex/graphics\lscape.sty
Package: lscape 2020/05/28 v3.02 Landscape Pages (DPC)
) (C:\Users\Josep\AppData\Roaming\MiKTeX\tex/latex/eurosym\eurosym.sty
Package: eurosym 1998/08/06 v1.1 European currency symbol ``Euro''
\@eurobox=\box68
) (C:\Users\Josep\AppData\Local\Programs\MiKTeX\tex/latex/tools\bm.sty
Package: bm 2019/07/24 v1.2d Bold Symbol Support (DPC/FMi)
\symboldoperators=\mathgroup4
\symboldletters=\mathgroup5
\symboldsymbols=\mathgroup6
LaTeX Font Info:    Redeclaring math alphabet \mathbf on input line 141.
LaTeX Info: Redefining \bm on input line 209.
)
(C:\Users\Josep\AppData\Roaming\MiKTeX\tex/latex/algorithms\algorithm.sty
Package: algorithm 2009/08/24 v0.1 Document Style `algorithm' - floating environment
 (C:\Users\Josep\AppData\Local\Programs\MiKTeX\tex/latex/float\float.sty
Package: float 2001/11/08 v1.3d Float enhancements (AL)
\c@float@type=\count473
\float@exts=\toks43
\float@box=\box69
\@float@everytoks=\toks44
\@floatcapt=\box70
)
\@float@every@algorithm=\toks45
\c@algorithm=\count474
) (C:\Users\Josep\AppData\Roaming\MiKTeX\tex/latex/algorithms\algorithmic.sty
Package: algorithmic 2009/08/24 v0.1 Document Style `algorithmic'
\c@ALC@unique=\count475
\c@ALC@line=\count476
\c@ALC@rem=\count477
\c@ALC@depth=\count478
\ALC@tlm=\skip122
\algorithmicindent=\skip123
) (C:\Users\Josep\AppData\Roaming\MiKTeX\tex/latex/mathtools\mathtools.sty
Package: mathtools 2020/03/24 v1.24 mathematical typesetting tools
 (C:\Users\Josep\AppData\Roaming\MiKTeX\tex/latex/mathtools\mhsetup.sty
Package: mhsetup 2017/03/31 v1.3 programming setup (MH)
)
LaTeX Info: Thecontrolsequence`\('isalreadyrobust on input line 130.
LaTeX Info: Thecontrolsequence`\)'isalreadyrobust on input line 130.
LaTeX Info: Thecontrolsequence`\['isalreadyrobust on input line 130.
LaTeX Info: Thecontrolsequence`\]'isalreadyrobust on input line 130.
\g_MT_multlinerow_int=\count479
\l_MT_multwidth_dim=\dimen345
\origjot=\skip124
\l_MT_shortvdotswithinadjustabove_dim=\dimen346
\l_MT_shortvdotswithinadjustbelow_dim=\dimen347
\l_MT_above_intertext_sep=\dimen348
\l_MT_below_intertext_sep=\dimen349
\l_MT_above_shortintertext_sep=\dimen350
\l_MT_below_shortintertext_sep=\dimen351
\xmathstrut@box=\box71
\xmathstrut@dim=\dimen352
) (C:\Users\Josep\AppData\Roaming\MiKTeX\tex/latex/anyfontsize\anyfontsize.sty
Package: anyfontsize 2007/11/22 anyfontsize.sty by pts
) (C:\Users\Josep\AppData\Local\Programs\MiKTeX\tex/generic/pgf/frontendlayer/tikz/libraries\tikzlibrarymatrix.code.tex
File: tikzlibrarymatrix.code.tex 2020/12/01 v3.1.7a (3.1.7a)
) (C:\Users\Josep\AppData\Local\Programs\MiKTeX\tex/latex/epigraph\epigraph.sty
Package: epigraph 2020/01/02 v1.5e typesetting epigraphs
 (C:\Users\Josep\AppData\Local\Programs\MiKTeX\tex/latex/nextpage\nextpage.sty
Package: nextpage 2009/09/03 v1.1a additional page commands
)
\beforeepigraphskip=\skip125
\afterepigraphskip=\skip126
\epigraphwidth=\skip127
\epigraphrule=\skip128
) (C:\Users\Josep\AppData\Local\Programs\MiKTeX\tex/latex/pgfgantt\pgfgantt.sty
Package: pgfgantt 2018/01/10 v5.0 Draw Gantt diagrams with TikZ
 (C:\Users\Josep\AppData\Local\Programs\MiKTeX\tex/generic/pgf/frontendlayer/tikz/libraries\tikzlibrarybackgrounds.code.tex
File: tikzlibrarybackgrounds.code.tex 2020/12/01 v3.1.7a (3.1.7a)
\pgf@layerbox@background=\box72
\pgf@layerboxsaved@background=\box73
) (C:\Users\Josep\AppData\Local\Programs\MiKTeX\tex/generic/pgf/frontendlayer/tikz/libraries\tikzlibrarypositioning.code.tex
File: tikzlibrarypositioning.code.tex 2020/12/01 v3.1.7a (3.1.7a)
) (C:\Users\Josep\AppData\Local\Programs\MiKTeX\tex/latex/pgf/utilities\pgfcalendar.sty (C:\Users\Josep\AppData\Local\Programs\MiKTeX\tex/generic/pgf/utilities\pgfcalendar.code.tex
File: pgfcalendar.code.tex 2020/12/01 v3.1.7a (3.1.7a)
 (C:\Users\Josep\AppData\Local\Programs\MiKTeX\tex/generic/pgf/math\pgfint.code.tex)
\pgfcalendarcurrentjulian=\count480
\pgf@cal@easter@Y=\count481
\pgf@cal@easter@G=\count482
\pgf@cal@easter@C=\count483
\pgf@cal@easter@X=\count484
\pgf@cal@easter@Z=\count485
\pgf@cal@easter@D=\count486
\pgf@cal@easter@E=\count487
\pgf@cal@easter@N=\count488
\pgf@cal@easter@M=\count489
\pgf@cal@easter@julianday=\count490
))
\gtt@currentline=\count491
\gtt@lasttitleline=\count492
\gtt@currgrid=\count493
\gtt@chartwidth=\count494
\gtt@lasttitleslot=\count495
\gtt@elementid=\count496
\gtt@today@slot=\count497
\gtt@startjulian=\count498
\gtt@endjulian=\count499
\gtt@chartid=\count500
\gtt@vrule@slot=\count501
\gtt@calendar@slots=\count502
\gtt@calendar@weeknumber=\count503
\gtt@calendar@startofweek=\count504
\gtt@left@slot=\count505
\gtt@right@slot=\count506
)
Package csquotes Info: Checking for multilingual support...
Package csquotes Info: ... found 'babel' package.
Package csquotes Info: Adjusting default style.
Package csquotes Info: Redefining alias 'default' -> 'american'.
 (c:/Users\Josep\Desktop\MEE\EQE\Project\Text\Text.aux)
\openout1 = `Text.aux'.

LaTeX Font Info:    Checking defaults for OML/cmm/m/it on input line 156.
LaTeX Font Info:    ... okay on input line 156.
LaTeX Font Info:    Checking defaults for OMS/cmsy/m/n on input line 156.
LaTeX Font Info:    ... okay on input line 156.
LaTeX Font Info:    Checking defaults for OT1/cmr/m/n on input line 156.
LaTeX Font Info:    ... okay on input line 156.
LaTeX Font Info:    Checking defaults for T1/cmr/m/n on input line 156.
LaTeX Font Info:    ... okay on input line 156.
LaTeX Font Info:    Checking defaults for TS1/cmr/m/n on input line 156.
LaTeX Font Info:    ... okay on input line 156.
LaTeX Font Info:    Checking defaults for OMX/cmex/m/n on input line 156.
LaTeX Font Info:    ... okay on input line 156.
LaTeX Font Info:    Checking defaults for U/cmr/m/n on input line 156.
LaTeX Font Info:    ... okay on input line 156.
LaTeX Font Info:    Checking defaults for PD1/pdf/m/n on input line 156.
LaTeX Font Info:    ... okay on input line 156.

*geometry* driver: auto-detecting
*geometry* detected driver: pdftex
*geometry* verbose mode - [ preamble ] result:
* driver: pdftex
* paper: a4paper
* layout: <same size as paper>
* layoutoffset:(h,v)=(0.0pt,0.0pt)
* modes: 
* h-part:(L,W,R)=(109.54327pt, 416.83272pt, 71.13188pt)
* v-part:(T,H,B)=(71.13188pt, 702.78308pt, 71.13188pt)
* \paperwidth=597.50787pt
* \paperheight=845.04684pt
* \textwidth=416.83272pt
* \textheight=702.78308pt
* \oddsidemargin=37.27328pt
* \evensidemargin=37.27328pt
* \topmargin=-30.20993pt
* \headheight=12.0pt
* \headsep=17.07182pt
* \topskip=10.0pt
* \footskip=30.0pt
* \marginparwidth=57.0pt
* \marginparsep=11.0pt
* \columnsep=10.0pt
* \skip\footins=9.0pt plus 4.0pt minus 2.0pt
* \hoffset=0.0pt
* \voffset=0.0pt
* \mag=1000
* \@twocolumnfalse
* \@twosidefalse
* \@mparswitchfalse
* \@reversemarginfalse
* (1in=72.27pt=25.4mm, 1cm=28.453pt)

(C:\Users\Josep\AppData\Local\Programs\MiKTeX\tex/context/base/mkii\supp-pdf.mkii
[Loading MPS to PDF converter (version 2006.09.02).]
\scratchcounter=\count507
\scratchdimen=\dimen353
\scratchbox=\box74
\nofMPsegments=\count508
\nofMParguments=\count509
\everyMPshowfont=\toks46
\MPscratchCnt=\count510
\MPscratchDim=\dimen354
\MPnumerator=\count511
\makeMPintoPDFobject=\count512
\everyMPtoPDFconversion=\toks47
) (C:\Users\Josep\AppData\Local\Programs\MiKTeX\tex/latex/epstopdf-pkg\epstopdf-base.sty
Package: epstopdf-base 2020-01-24 v2.11 Base part for package epstopdf
Package epstopdf-base Info: Redefining graphics rule for `.eps' on input line 485.
)
Package caption Info: Begin \AtBeginDocument code.
Package caption Info: float package is loaded.
Package caption Info: hyperref package is loaded.
Package caption Info: listings package is loaded.
Package caption Info: End \AtBeginDocument code.
Package hyperref Info: Link coloring ON on input line 156.
 (C:\Users\Josep\AppData\Local\Programs\MiKTeX\tex/latex/hyperref\nameref.sty
Package: nameref 2019/09/16 v2.46 Cross-referencing by name of section
 (C:\Users\Josep\AppData\Roaming\MiKTeX\tex/latex/refcount\refcount.sty
Package: refcount 2019/12/15 v3.6 Data extraction from label references (HO)
) (C:\Users\Josep\AppData\Roaming\MiKTeX\tex/generic/gettitlestring\gettitlestring.sty
Package: gettitlestring 2019/12/15 v1.6 Cleanup title references (HO)
)
\c@section@level=\count513
)
LaTeX Info: Redefining \ref on input line 156.
LaTeX Info: Redefining \pageref on input line 156.
LaTeX Info: Redefining \nameref on input line 156.
 (c:/Users\Josep\Desktop\MEE\EQE\Project\Text\Text.out) (c:/Users\Josep\Desktop\MEE\EQE\Project\Text\Text.out)
\@outlinefile=\write5
\openout5 = `Text.out'.

 (C:\Users\Josep\AppData\Roaming\MiKTeX\tex/latex/pdflscape\pdflscape.sty
Package: pdflscape 2019/12/05 v0.12 Display of landscape pages in PDF (HO)
Package pdflscape Info: Auto-detected driver: pdftex on input line 81.
)
\c@lstlisting=\count514

Package pgfplots notification 'compat/show suggested version=true': you might benefit from \pgfplotsset{compat=1.17} (current compat level: 1.16).

Package biblatex Info: Trying to load language 'american'...
Package biblatex Info: ... file 'american.lbx' found.
(C:\Users\Josep\AppData\Local\Programs\MiKTeX\tex/latex/biblatex/lbx\american.lbx
File: american.lbx 2020/08/23 v3.15a biblatex localization (PK/MW)
Package biblatex Info: Trying to load language 'english'...
Package biblatex Info: ... file 'english.lbx' found.
 (C:\Users\Josep\AppData\Local\Programs\MiKTeX\tex/latex/biblatex/lbx\english.lbx
File: english.lbx 2020/08/23 v3.15a biblatex localization (PK/MW)
)
Package biblatex Info: Trying to load language 'english'...
Package biblatex Info: ... file 'english.lbx' found.
 (C:\Users\Josep\AppData\Local\Programs\MiKTeX\tex/latex/biblatex/lbx\english.lbx
File: english.lbx 2020/08/23 v3.15a biblatex localization (PK/MW)
))
Package biblatex Info: Input encoding 'utf8' detected.
Package biblatex Info: Automatic encoding selection.
(biblatex)             Assuming data encoding 'utf8'.
\openout4 = `Text.bcf'.

Package biblatex Info: Trying to load bibliographic data...
Package biblatex Info: ... file 'Text.bbl' found.
 (c:/Users\Josep\Desktop\MEE\EQE\Project\Text\Text.bbl)
Package biblatex Info: Reference section=0 on input line 156.
Package biblatex Info: Reference segment=0 on input line 156.
*geometry* verbose mode - [ newgeometry ] result:
* driver: pdftex
* paper: a4paper
* layout: <same size as paper>
* layoutoffset:(h,v)=(0.0pt,0.0pt)
* hratio: 1:1
* vratio: 1:1
* modes: 
* h-part:(L,W,R)=(89.62709pt, 418.25368pt, 89.6271pt)
* v-part:(T,H,B)=(126.75832pt, 591.5302pt, 126.75833pt)
* \paperwidth=597.50787pt
* \paperheight=845.04684pt
* \textwidth=418.25368pt
* \textheight=591.5302pt
* \oddsidemargin=17.3571pt
* \evensidemargin=17.3571pt
* \topmargin=25.4165pt
* \headheight=12.0pt
* \headsep=17.07182pt
* \topskip=10.0pt
* \footskip=30.0pt
* \marginparwidth=57.0pt
* \marginparsep=11.0pt
* \columnsep=10.0pt
* \skip\footins=9.0pt plus 4.0pt minus 2.0pt
* \hoffset=0.0pt
* \voffset=0.0pt
* \mag=1000
* \@twocolumnfalse
* \@twosidefalse
* \@mparswitchfalse
* \@reversemarginfalse
* (1in=72.27pt=25.4mm, 1cm=28.453pt)

<Data/Drawings/vector-edp.png, id=98, 963.6pt x 407.5225pt>
File: Data/Drawings/vector-edp.png Graphic file (type png)
<use Data/Drawings/vector-edp.png>
Package pdftex.def Info: Data/Drawings/vector-edp.png  used on input line 166.
(pdftex.def)             Requested size: 284.52756pt x 120.33002pt.
 [1


{C:/Users/Josep/AppData/Local/MiKTeX/pdftex/config/pdftex.map} <c:/Users/Josep/Desktop/MEE/EQE/Project/Text/Data/Drawings/vector-edp.png>] (c:/Users\Josep\Desktop\MEE\EQE\Project\Text\Text.toc)
\tf@toc=\write6
\openout6 = `Text.toc'.

pdfTeX warning (ext4): destination with the same identifier (name{page.1}) has been already used, duplicate ignored
<to be read again> 
                   \relax 
l.184 \newpage
               [1

] (c:/Users\Josep\Desktop\MEE\EQE\Project\Text\Chapters/Introduction.tex) [2] (c:/Users\Josep\Desktop\MEE\EQE\Project\Text\Chapters/State.tex (Data/Drawings/blockchain1.pdf_tex
<./Data/Drawings//blockchain1.pdf, id=155, page=1, 486.85521pt x 92.56616pt>
File: ./Data/Drawings//blockchain1.pdf Graphic file (type pdf)
<use ./Data/Drawings//blockchain1.pdf, page 1>
Package pdftex.def Info: ./Data/Drawings//blockchain1.pdf , page1 used on input line 56.
(pdftex.def)             Requested size: 416.83272pt x 79.25365pt.
<./Data/Drawings//blockchain1.pdf, id=156, page=2, 486.85521pt x 92.56616pt>
File: ./Data/Drawings//blockchain1.pdf Graphic file (type pdf)
<use ./Data/Drawings//blockchain1.pdf, page 2>
Package pdftex.def Info: ./Data/Drawings//blockchain1.pdf , page2 used on input line 61.
(pdftex.def)             Requested size: 416.83272pt x 79.25365pt.
<./Data/Drawings//blockchain1.pdf, id=157, page=3, 486.85521pt x 92.56616pt>
File: ./Data/Drawings//blockchain1.pdf Graphic file (type pdf)
<use ./Data/Drawings//blockchain1.pdf, page 3>
Package pdftex.def Info: ./Data/Drawings//blockchain1.pdf , page3 used on input line 65.
(pdftex.def)             Requested size: 416.83272pt x 79.25365pt.
<./Data/Drawings//blockchain1.pdf, id=158, page=4, 486.85521pt x 92.56616pt>
File: ./Data/Drawings//blockchain1.pdf Graphic file (type pdf)
<use ./Data/Drawings//blockchain1.pdf, page 4>
Package pdftex.def Info: ./Data/Drawings//blockchain1.pdf , page4 used on input line 69.
(pdftex.def)             Requested size: 416.83272pt x 79.25365pt.
<./Data/Drawings//blockchain1.pdf, id=159, page=5, 486.85521pt x 92.56616pt>
File: ./Data/Drawings//blockchain1.pdf Graphic file (type pdf)
<use ./Data/Drawings//blockchain1.pdf, page 5>
Package pdftex.def Info: ./Data/Drawings//blockchain1.pdf , page5 used on input line 73.
(pdftex.def)             Requested size: 416.83272pt x 79.25365pt.
) [3 <./Data/Drawings//blockchain1.pdf> <./Data/Drawings//blockchain1.pdf

pdfTeX warning: pdflatex (file ./Data/Drawings//blockchain1.pdf): PDF inclusion: multiple pdfs with page group included in a single page
> <./Data/Drawings//blockchain1.pdf

pdfTeX warning: pdflatex (file ./Data/Drawings//blockchain1.pdf): PDF inclusion: multiple pdfs with page group included in a single page
> <./Data/Drawings//blockchain1.pdf

pdfTeX warning: pdflatex (file ./Data/Drawings//blockchain1.pdf): PDF inclusion: multiple pdfs with page group included in a single page
> <./Data/Drawings//blockchain1.pdf

pdfTeX warning: pdflatex (file ./Data/Drawings//blockchain1.pdf): PDF inclusion: multiple pdfs with page group included in a single page
>] (Data/Drawings/matic1.pdf_tex
<./Data/Drawings//matic1.pdf, id=193, page=1, 457.86966pt x 169.44426pt>
File: ./Data/Drawings//matic1.pdf Graphic file (type pdf)
<use ./Data/Drawings//matic1.pdf, page 1>
Package pdftex.def Info: ./Data/Drawings//matic1.pdf , page1 used on input line 56.
(pdftex.def)             Requested size: 416.83272pt x 154.26431pt.
<./Data/Drawings//matic1.pdf, id=194, page=2, 457.86966pt x 169.44426pt>
File: ./Data/Drawings//matic1.pdf Graphic file (type pdf)
<use ./Data/Drawings//matic1.pdf, page 2>
Package pdftex.def Info: ./Data/Drawings//matic1.pdf , page2 used on input line 58.
(pdftex.def)             Requested size: 416.83272pt x 154.26431pt.
) [4 <./Data/Drawings//matic1.pdf> <./Data/Drawings//matic1.pdf

pdfTeX warning: pdflatex (file ./Data/Drawings//matic1.pdf): PDF inclusion: multiple pdfs with page group included in a single page
>] (Data/Drawings/adoption1.pdf_tex
<./Data/Drawings//adoption1.pdf, id=270, page=1, 421.08878pt x 155.15614pt>
File: ./Data/Drawings//adoption1.pdf Graphic file (type pdf)
<use ./Data/Drawings//adoption1.pdf, page 1>
Package pdftex.def Info: ./Data/Drawings//adoption1.pdf , page1 used on input line 56.
(pdftex.def)             Requested size: 416.83272pt x 153.59557pt.
<./Data/Drawings//adoption1.pdf, id=271, page=2, 421.08878pt x 155.15614pt>
File: ./Data/Drawings//adoption1.pdf Graphic file (type pdf)
<use ./Data/Drawings//adoption1.pdf, page 2>
Package pdftex.def Info: ./Data/Drawings//adoption1.pdf , page2 used on input line 61.
(pdftex.def)             Requested size: 416.83272pt x 153.59557pt.
<./Data/Drawings//adoption1.pdf, id=272, page=3, 421.08878pt x 155.15614pt>
File: ./Data/Drawings//adoption1.pdf Graphic file (type pdf)
<use ./Data/Drawings//adoption1.pdf, page 3>
Package pdftex.def Info: ./Data/Drawings//adoption1.pdf , page3 used on input line 67.
(pdftex.def)             Requested size: 416.83272pt x 153.59557pt.
) [5 <./Data/Drawings//adoption1.pdf> <./Data/Drawings//adoption1.pdf

pdfTeX warning: pdflatex (file ./Data/Drawings//adoption1.pdf): PDF inclusion: multiple pdfs with page group included in a single page
> <./Data/Drawings//adoption1.pdf

pdfTeX warning: pdflatex (file ./Data/Drawings//adoption1.pdf): PDF inclusion: multiple pdfs with page group included in a single page
>]) [6] (c:/Users\Josep\Desktop\MEE\EQE\Project\Text\Chapters/Challenge.tex) [7] (c:/Users\Josep\Desktop\MEE\EQE\Project\Text\Chapters/Contracts.tex (Data/Drawings/centralized6.pdf_tex
<./Data/Drawings//centralized6.pdf, id=337, page=1, 457.86966pt x 151.39792pt>
File: ./Data/Drawings//centralized6.pdf Graphic file (type pdf)
<use ./Data/Drawings//centralized6.pdf, page 1>
Package pdftex.def Info: ./Data/Drawings//centralized6.pdf , page1 used on input line 56.
(pdftex.def)             Requested size: 416.83272pt x 137.83469pt.
<./Data/Drawings//centralized6.pdf, id=338, page=2, 457.86966pt x 151.39792pt>
File: ./Data/Drawings//centralized6.pdf Graphic file (type pdf)
<use ./Data/Drawings//centralized6.pdf, page 2>
Package pdftex.def Info: ./Data/Drawings//centralized6.pdf , page2 used on input line 58.
(pdftex.def)             Requested size: 416.83272pt x 137.83469pt.
<./Data/Drawings//centralized6.pdf, id=339, page=3, 457.86966pt x 151.39792pt>
File: ./Data/Drawings//centralized6.pdf Graphic file (type pdf)
<use ./Data/Drawings//centralized6.pdf, page 3>
Package pdftex.def Info: ./Data/Drawings//centralized6.pdf , page3 used on input line 63.
(pdftex.def)             Requested size: 416.83272pt x 137.83469pt.
<./Data/Drawings//centralized6.pdf, id=340, page=4, 457.86966pt x 151.39792pt>
File: ./Data/Drawings//centralized6.pdf Graphic file (type pdf)
<use ./Data/Drawings//centralized6.pdf, page 4>
Package pdftex.def Info: ./Data/Drawings//centralized6.pdf , page4 used on input line 65.
(pdftex.def)             Requested size: 416.83272pt x 137.83469pt.
<./Data/Drawings//centralized6.pdf, id=341, page=5, 457.86966pt x 151.39792pt>
File: ./Data/Drawings//centralized6.pdf Graphic file (type pdf)
<use ./Data/Drawings//centralized6.pdf, page 5>
Package pdftex.def Info: ./Data/Drawings//centralized6.pdf , page5 used on input line 67.
(pdftex.def)             Requested size: 416.83272pt x 137.83469pt.
) [8 <./Data/Drawings//centralized6.pdf> <./Data/Drawings//centralized6.pdf

pdfTeX warning: pdflatex (file ./Data/Drawings//centralized6.pdf): PDF inclusion: multiple pdfs with page group included in a single page
> <./Data/Drawings//centralized6.pdf

pdfTeX warning: pdflatex (file ./Data/Drawings//centralized6.pdf): PDF inclusion: multiple pdfs with page group included in a single page
> <./Data/Drawings//centralized6.pdf

pdfTeX warning: pdflatex (file ./Data/Drawings//centralized6.pdf): PDF inclusion: multiple pdfs with page group included in a single page
> <./Data/Drawings//centralized6.pdf

pdfTeX warning: pdflatex (file ./Data/Drawings//centralized6.pdf): PDF inclusion: multiple pdfs with page group included in a single page
>] (Data/Drawings/semidecentral2.pdf_tex
<./Data/Drawings//semidecentral2.pdf, id=360, page=1, 457.86966pt x 141.36241pt>
File: ./Data/Drawings//semidecentral2.pdf Graphic file (type pdf)
<use ./Data/Drawings//semidecentral2.pdf, page 1>
Package pdftex.def Info: ./Data/Drawings//semidecentral2.pdf , page1 used on input line 56.
(pdftex.def)             Requested size: 416.83272pt x 128.69823pt.
<./Data/Drawings//semidecentral2.pdf, id=361, page=2, 457.86966pt x 141.36241pt>
File: ./Data/Drawings//semidecentral2.pdf Graphic file (type pdf)
<use ./Data/Drawings//semidecentral2.pdf, page 2>
Package pdftex.def Info: ./Data/Drawings//semidecentral2.pdf , page2 used on input line 58.
(pdftex.def)             Requested size: 416.83272pt x 128.69823pt.
<./Data/Drawings//semidecentral2.pdf, id=362, page=3, 457.86966pt x 141.36241pt>
File: ./Data/Drawings//semidecentral2.pdf Graphic file (type pdf)
<use ./Data/Drawings//semidecentral2.pdf, page 3>
Package pdftex.def Info: ./Data/Drawings//semidecentral2.pdf , page3 used on input line 60.
(pdftex.def)             Requested size: 416.83272pt x 128.69823pt.
<./Data/Drawings//semidecentral2.pdf, id=363, page=4, 457.86966pt x 141.36241pt>
File: ./Data/Drawings//semidecentral2.pdf Graphic file (type pdf)
<use ./Data/Drawings//semidecentral2.pdf, page 4>
Package pdftex.def Info: ./Data/Drawings//semidecentral2.pdf , page4 used on input line 64.
(pdftex.def)             Requested size: 416.83272pt x 128.69823pt.
) [9 <./Data/Drawings//semidecentral2.pdf> <./Data/Drawings//semidecentral2.pdf

pdfTeX warning: pdflatex (file ./Data/Drawings//semidecentral2.pdf): PDF inclusion: multiple pdfs with page group included in a single page
> <./Data/Drawings//semidecentral2.pdf

pdfTeX warning: pdflatex (file ./Data/Drawings//semidecentral2.pdf): PDF inclusion: multiple pdfs with page group included in a single page
> <./Data/Drawings//semidecentral2.pdf

pdfTeX warning: pdflatex (file ./Data/Drawings//semidecentral2.pdf): PDF inclusion: multiple pdfs with page group included in a single page
>] (Data/Drawings/algo2.pdf_tex
<./Data/Drawings//algo2.pdf, id=384, page=1, 498.41429pt x 115.27718pt>
File: ./Data/Drawings//algo2.pdf Graphic file (type pdf)
<use ./Data/Drawings//algo2.pdf, page 1>
Package pdftex.def Info: ./Data/Drawings//algo2.pdf , page1 used on input line 56.
(pdftex.def)             Requested size: 416.83272pt x 96.40823pt.
<./Data/Drawings//algo2.pdf, id=385, page=2, 498.41429pt x 115.27718pt>
File: ./Data/Drawings//algo2.pdf Graphic file (type pdf)
<use ./Data/Drawings//algo2.pdf, page 2>
Package pdftex.def Info: ./Data/Drawings//algo2.pdf , page2 used on input line 58.
(pdftex.def)             Requested size: 416.83272pt x 96.40823pt.
<./Data/Drawings//algo2.pdf, id=386, page=3, 498.41429pt x 115.27718pt>
File: ./Data/Drawings//algo2.pdf Graphic file (type pdf)
<use ./Data/Drawings//algo2.pdf, page 3>
Package pdftex.def Info: ./Data/Drawings//algo2.pdf , page3 used on input line 61.
(pdftex.def)             Requested size: 416.83272pt x 96.40823pt.
<./Data/Drawings//algo2.pdf, id=387, page=4, 498.41429pt x 115.27718pt>
File: ./Data/Drawings//algo2.pdf Graphic file (type pdf)
<use ./Data/Drawings//algo2.pdf, page 4>
Package pdftex.def Info: ./Data/Drawings//algo2.pdf , page4 used on input line 63.
(pdftex.def)             Requested size: 416.83272pt x 96.40823pt.
<./Data/Drawings//algo2.pdf, id=388, page=5, 498.41429pt x 115.27718pt>
File: ./Data/Drawings//algo2.pdf Graphic file (type pdf)
<use ./Data/Drawings//algo2.pdf, page 5>
Package pdftex.def Info: ./Data/Drawings//algo2.pdf , page5 used on input line 65.
(pdftex.def)             Requested size: 416.83272pt x 96.40823pt.
<./Data/Drawings//algo2.pdf, id=389, page=6, 498.41429pt x 115.27718pt>
File: ./Data/Drawings//algo2.pdf Graphic file (type pdf)
<use ./Data/Drawings//algo2.pdf, page 6>
Package pdftex.def Info: ./Data/Drawings//algo2.pdf , page6 used on input line 67.
(pdftex.def)             Requested size: 416.83272pt x 96.40823pt.
<./Data/Drawings//algo2.pdf, id=390, page=7, 498.41429pt x 115.27718pt>
File: ./Data/Drawings//algo2.pdf Graphic file (type pdf)
<use ./Data/Drawings//algo2.pdf, page 7>
Package pdftex.def Info: ./Data/Drawings//algo2.pdf , page7 used on input line 69.
(pdftex.def)             Requested size: 416.83272pt x 96.40823pt.
<./Data/Drawings//algo2.pdf, id=391, page=8, 498.41429pt x 115.27718pt>
File: ./Data/Drawings//algo2.pdf Graphic file (type pdf)
<use ./Data/Drawings//algo2.pdf, page 8>
Package pdftex.def Info: ./Data/Drawings//algo2.pdf , page8 used on input line 73.
(pdftex.def)             Requested size: 416.83272pt x 96.40823pt.
) [10 <./Data/Drawings//algo2.pdf> <./Data/Drawings//algo2.pdf

pdfTeX warning: pdflatex (file ./Data/Drawings//algo2.pdf): PDF inclusion: multiple pdfs with page group included in a single page
> <./Data/Drawings//algo2.pdf

pdfTeX warning: pdflatex (file ./Data/Drawings//algo2.pdf): PDF inclusion: multiple pdfs with page group included in a single page
> <./Data/Drawings//algo2.pdf

pdfTeX warning: pdflatex (file ./Data/Drawings//algo2.pdf): PDF inclusion: multiple pdfs with page group included in a single page
> <./Data/Drawings//algo2.pdf

pdfTeX warning: pdflatex (file ./Data/Drawings//algo2.pdf): PDF inclusion: multiple pdfs with page group included in a single page
> <./Data/Drawings//algo2.pdf

pdfTeX warning: pdflatex (file ./Data/Drawings//algo2.pdf): PDF inclusion: multiple pdfs with page group included in a single page
> <./Data/Drawings//algo2.pdf

pdfTeX warning: pdflatex (file ./Data/Drawings//algo2.pdf): PDF inclusion: multiple pdfs with page group included in a single page
> <./Data/Drawings//algo2.pdf

pdfTeX warning: pdflatex (file ./Data/Drawings//algo2.pdf): PDF inclusion: multiple pdfs with page group included in a single page
>]) [11] (c:/Users\Josep\Desktop\MEE\EQE\Project\Text\Chapters/PGD.tex [12] [13]
Package hyperref Info: bookmark level for unknown algorithm defaults to 0 on input line 112.
 [14]
Missing character: There is no . in font nullfont!
Missing character: There is no 0 in font nullfont!
Missing character: There is no 1 in font nullfont!
Missing character: There is no p in font nullfont!
Missing character: There is no t in font nullfont!
 [15]) [16] (c:/Users\Josep\Desktop\MEE\EQE\Project\Text\Chapters/Case.tex (Data/Drawings/baixo1.pdf_tex
<./Data/Drawings//baixo1.pdf, id=508, page=1, 408.92879pt x 280.57854pt>
File: ./Data/Drawings//baixo1.pdf Graphic file (type pdf)
<use ./Data/Drawings//baixo1.pdf, page 1>
Package pdftex.def Info: ./Data/Drawings//baixo1.pdf , page1 used on input line 56.
(pdftex.def)             Requested size: 416.83272pt x 286.01506pt.
<./Data/Drawings//baixo1.pdf, id=509, page=2, 408.92879pt x 280.57854pt>
File: ./Data/Drawings//baixo1.pdf Graphic file (type pdf)
<use ./Data/Drawings//baixo1.pdf, page 2>
Package pdftex.def Info: ./Data/Drawings//baixo1.pdf , page2 used on input line 70.
(pdftex.def)             Requested size: 416.83272pt x 286.01506pt.
<./Data/Drawings//baixo1.pdf, id=510, page=3, 408.92879pt x 280.57854pt>
File: ./Data/Drawings//baixo1.pdf Graphic file (type pdf)
<use ./Data/Drawings//baixo1.pdf, page 3>
Package pdftex.def Info: ./Data/Drawings//baixo1.pdf , page3 used on input line 84.
(pdftex.def)             Requested size: 416.83272pt x 286.01506pt.
<./Data/Drawings//baixo1.pdf, id=511, page=4, 408.92879pt x 280.57854pt>
File: ./Data/Drawings//baixo1.pdf Graphic file (type pdf)
<use ./Data/Drawings//baixo1.pdf, page 4>
Package pdftex.def Info: ./Data/Drawings//baixo1.pdf , page4 used on input line 86.
(pdftex.def)             Requested size: 416.83272pt x 286.01506pt.
) [17 <./Data/Drawings//baixo1.pdf> <./Data/Drawings//baixo1.pdf

pdfTeX warning: pdflatex (file ./Data/Drawings//baixo1.pdf): PDF inclusion: multiple pdfs with page group included in a single page
> <./Data/Drawings//baixo1.pdf

pdfTeX warning: pdflatex (file ./Data/Drawings//baixo1.pdf): PDF inclusion: multiple pdfs with page group included in a single page
> <./Data/Drawings//baixo1.pdf

pdfTeX warning: pdflatex (file ./Data/Drawings//baixo1.pdf): PDF inclusion: multiple pdfs with page group included in a single page
>]
Missing character: There is no . in font nullfont!
Missing character: There is no 0 in font nullfont!
Missing character: There is no 1 in font nullfont!
Missing character: There is no p in font nullfont!
Missing character: There is no t in font nullfont!
Package pgfplots info on input line 69: fill between: activating layered graphics
\pgf@layerbox@axis background=\box75
\pgf@layerboxsaved@axis background=\box76
\pgf@layerbox@axis grid=\box77
\pgf@layerboxsaved@axis grid=\box78
\pgf@layerbox@axis ticks=\box79
\pgf@layerboxsaved@axis ticks=\box80
\pgf@layerbox@axis lines=\box81
\pgf@layerboxsaved@axis lines=\box82
\pgf@layerbox@axis tick labels=\box83
\pgf@layerboxsaved@axis tick labels=\box84
\pgf@layerbox@pre main=\box85
\pgf@layerboxsaved@pre main=\box86
\pgf@layerbox@axis descriptions=\box87
\pgf@layerboxsaved@axis descriptions=\box88
\pgf@layerbox@axis foreground=\box89
\pgf@layerboxsaved@axis foreground=\box90
Package pgfplots info on input line 69: Setting layers 'axis background,axis grid,axis ticks,axis lines,axis tick labels,pre main,main,axis descriptions,axis foreground'...
 [18] [19] (Data/Drawings/smarts3_2.pdf_tex
<./Data/Drawings//smarts3_2.pdf, id=546, page=1, 395.66383pt x 267.54309pt>
File: ./Data/Drawings//smarts3_2.pdf Graphic file (type pdf)
<use ./Data/Drawings//smarts3_2.pdf, page 1>
Package pdftex.def Info: ./Data/Drawings//smarts3_2.pdf , page1 used on input line 56.
(pdftex.def)             Requested size: 416.83272pt x 281.8593pt.
<./Data/Drawings//smarts3_2.pdf, id=547, page=2, 395.66383pt x 267.54309pt>
File: ./Data/Drawings//smarts3_2.pdf Graphic file (type pdf)
<use ./Data/Drawings//smarts3_2.pdf, page 2>
Package pdftex.def Info: ./Data/Drawings//smarts3_2.pdf , page2 used on input line 59.
(pdftex.def)             Requested size: 416.83272pt x 281.8593pt.
<./Data/Drawings//smarts3_2.pdf, id=548, page=3, 395.66383pt x 267.54309pt>
File: ./Data/Drawings//smarts3_2.pdf Graphic file (type pdf)
<use ./Data/Drawings//smarts3_2.pdf, page 3>
Package pdftex.def Info: ./Data/Drawings//smarts3_2.pdf , page3 used on input line 62.
(pdftex.def)             Requested size: 416.83272pt x 281.8593pt.
<./Data/Drawings//smarts3_2.pdf, id=549, page=4, 395.66383pt x 267.54309pt>
File: ./Data/Drawings//smarts3_2.pdf Graphic file (type pdf)
<use ./Data/Drawings//smarts3_2.pdf, page 4>
Package pdftex.def Info: ./Data/Drawings//smarts3_2.pdf , page4 used on input line 65.
(pdftex.def)             Requested size: 416.83272pt x 281.8593pt.
<./Data/Drawings//smarts3_2.pdf, id=550, page=5, 395.66383pt x 267.54309pt>
File: ./Data/Drawings//smarts3_2.pdf Graphic file (type pdf)
<use ./Data/Drawings//smarts3_2.pdf, page 5>
Package pdftex.def Info: ./Data/Drawings//smarts3_2.pdf , page5 used on input line 72.
(pdftex.def)             Requested size: 416.83272pt x 281.8593pt.
<./Data/Drawings//smarts3_2.pdf, id=551, page=6, 395.66383pt x 267.54309pt>
File: ./Data/Drawings//smarts3_2.pdf Graphic file (type pdf)
<use ./Data/Drawings//smarts3_2.pdf, page 6>
Package pdftex.def Info: ./Data/Drawings//smarts3_2.pdf , page6 used on input line 77.
(pdftex.def)             Requested size: 416.83272pt x 281.8593pt.
<./Data/Drawings//smarts3_2.pdf, id=552, page=7, 395.66383pt x 267.54309pt>
File: ./Data/Drawings//smarts3_2.pdf Graphic file (type pdf)
<use ./Data/Drawings//smarts3_2.pdf, page 7>
Package pdftex.def Info: ./Data/Drawings//smarts3_2.pdf , page7 used on input line 79.
(pdftex.def)             Requested size: 416.83272pt x 281.8593pt.
<./Data/Drawings//smarts3_2.pdf, id=553, page=8, 395.66383pt x 267.54309pt>
File: ./Data/Drawings//smarts3_2.pdf Graphic file (type pdf)
<use ./Data/Drawings//smarts3_2.pdf, page 8>
Package pdftex.def Info: ./Data/Drawings//smarts3_2.pdf , page8 used on input line 83.
(pdftex.def)             Requested size: 416.83272pt x 281.8593pt.
<./Data/Drawings//smarts3_2.pdf, id=554, page=9, 395.66383pt x 267.54309pt>
File: ./Data/Drawings//smarts3_2.pdf Graphic file (type pdf)
<use ./Data/Drawings//smarts3_2.pdf, page 9>
Package pdftex.def Info: ./Data/Drawings//smarts3_2.pdf , page9 used on input line 87.
(pdftex.def)             Requested size: 416.83272pt x 281.8593pt.
<./Data/Drawings//smarts3_2.pdf, id=555, page=10, 395.66383pt x 267.54309pt>
File: ./Data/Drawings//smarts3_2.pdf Graphic file (type pdf)
<use ./Data/Drawings//smarts3_2.pdf, page 10>
Package pdftex.def Info: ./Data/Drawings//smarts3_2.pdf , page10 used on input line 91.
(pdftex.def)             Requested size: 416.83272pt x 281.8593pt.
<./Data/Drawings//smarts3_2.pdf, id=556, page=11, 395.66383pt x 267.54309pt>
File: ./Data/Drawings//smarts3_2.pdf Graphic file (type pdf)
<use ./Data/Drawings//smarts3_2.pdf, page 11>
Package pdftex.def Info: ./Data/Drawings//smarts3_2.pdf , page11 used on input line 94.
(pdftex.def)             Requested size: 416.83272pt x 281.8593pt.
<./Data/Drawings//smarts3_2.pdf, id=557, page=12, 395.66383pt x 267.54309pt>
File: ./Data/Drawings//smarts3_2.pdf Graphic file (type pdf)
<use ./Data/Drawings//smarts3_2.pdf, page 12>
Package pdftex.def Info: ./Data/Drawings//smarts3_2.pdf , page12 used on input line 99.
(pdftex.def)             Requested size: 416.83272pt x 281.8593pt.
) [20 <./Data/Drawings//smarts3_2.pdf> <./Data/Drawings//smarts3_2.pdf

pdfTeX warning: pdflatex (file ./Data/Drawings//smarts3_2.pdf): PDF inclusion: multiple pdfs with page group included in a single page
> <./Data/Drawings//smarts3_2.pdf

pdfTeX warning: pdflatex (file ./Data/Drawings//smarts3_2.pdf): PDF inclusion: multiple pdfs with page group included in a single page
> <./Data/Drawings//smarts3_2.pdf

pdfTeX warning: pdflatex (file ./Data/Drawings//smarts3_2.pdf): PDF inclusion: multiple pdfs with page group included in a single page
> <./Data/Drawings//smarts3_2.pdf

pdfTeX warning: pdflatex (file ./Data/Drawings//smarts3_2.pdf): PDF inclusion: multiple pdfs with page group included in a single page
> <./Data/Drawings//smarts3_2.pdf

pdfTeX warning: pdflatex (file ./Data/Drawings//smarts3_2.pdf): PDF inclusion: multiple pdfs with page group included in a single page
> <./Data/Drawings//smarts3_2.pdf

pdfTeX warning: pdflatex (file ./Data/Drawings//smarts3_2.pdf): PDF inclusion: multiple pdfs with page group included in a single page
> <./Data/Drawings//smarts3_2.pdf

pdfTeX warning: pdflatex (file ./Data/Drawings//smarts3_2.pdf): PDF inclusion: multiple pdfs with page group included in a single page
> <./Data/Drawings//smarts3_2.pdf

pdfTeX warning: pdflatex (file ./Data/Drawings//smarts3_2.pdf): PDF inclusion: multiple pdfs with page group included in a single page
> <./Data/Drawings//smarts3_2.pdf

pdfTeX warning: pdflatex (file ./Data/Drawings//smarts3_2.pdf): PDF inclusion: multiple pdfs with page group included in a single page
> <./Data/Drawings//smarts3_2.pdf

pdfTeX warning: pdflatex (file ./Data/Drawings//smarts3_2.pdf): PDF inclusion: multiple pdfs with page group included in a single page
> <./Data/Drawings//smarts3_2.pdf

pdfTeX warning: pdflatex (file ./Data/Drawings//smarts3_2.pdf): PDF inclusion: multiple pdfs with page group included in a single page
>] (Data/Drawings/smarts2_2.pdf_tex
<./Data/Drawings//smarts2_2.pdf, id=567, page=1, 390.8857pt x 267.54309pt>
File: ./Data/Drawings//smarts2_2.pdf Graphic file (type pdf)
<use ./Data/Drawings//smarts2_2.pdf, page 1>
Package pdftex.def Info: ./Data/Drawings//smarts2_2.pdf , page1 used on input line 56.
(pdftex.def)             Requested size: 416.83272pt x 285.3089pt.
<./Data/Drawings//smarts2_2.pdf, id=568, page=2, 390.8857pt x 267.54309pt>
File: ./Data/Drawings//smarts2_2.pdf Graphic file (type pdf)
<use ./Data/Drawings//smarts2_2.pdf, page 2>
Package pdftex.def Info: ./Data/Drawings//smarts2_2.pdf , page2 used on input line 60.
(pdftex.def)             Requested size: 416.83272pt x 285.3089pt.
<./Data/Drawings//smarts2_2.pdf, id=569, page=3, 390.8857pt x 267.54309pt>
File: ./Data/Drawings//smarts2_2.pdf Graphic file (type pdf)
<use ./Data/Drawings//smarts2_2.pdf, page 3>
Package pdftex.def Info: ./Data/Drawings//smarts2_2.pdf , page3 used on input line 65.
(pdftex.def)             Requested size: 416.83272pt x 285.3089pt.
<./Data/Drawings//smarts2_2.pdf, id=570, page=4, 390.8857pt x 267.54309pt>
File: ./Data/Drawings//smarts2_2.pdf Graphic file (type pdf)
<use ./Data/Drawings//smarts2_2.pdf, page 4>
Package pdftex.def Info: ./Data/Drawings//smarts2_2.pdf , page4 used on input line 67.
(pdftex.def)             Requested size: 416.83272pt x 285.3089pt.
<./Data/Drawings//smarts2_2.pdf, id=571, page=5, 390.8857pt x 267.54309pt>
File: ./Data/Drawings//smarts2_2.pdf Graphic file (type pdf)
<use ./Data/Drawings//smarts2_2.pdf, page 5>
Package pdftex.def Info: ./Data/Drawings//smarts2_2.pdf , page5 used on input line 71.
(pdftex.def)             Requested size: 416.83272pt x 285.3089pt.
<./Data/Drawings//smarts2_2.pdf, id=572, page=6, 390.8857pt x 267.54309pt>
File: ./Data/Drawings//smarts2_2.pdf Graphic file (type pdf)
<use ./Data/Drawings//smarts2_2.pdf, page 6>
Package pdftex.def Info: ./Data/Drawings//smarts2_2.pdf , page6 used on input line 75.
(pdftex.def)             Requested size: 416.83272pt x 285.3089pt.
<./Data/Drawings//smarts2_2.pdf, id=573, page=7, 390.8857pt x 267.54309pt>
File: ./Data/Drawings//smarts2_2.pdf Graphic file (type pdf)
<use ./Data/Drawings//smarts2_2.pdf, page 7>
Package pdftex.def Info: ./Data/Drawings//smarts2_2.pdf , page7 used on input line 79.
(pdftex.def)             Requested size: 416.83272pt x 285.3089pt.
<./Data/Drawings//smarts2_2.pdf, id=574, page=8, 390.8857pt x 267.54309pt>
File: ./Data/Drawings//smarts2_2.pdf Graphic file (type pdf)
<use ./Data/Drawings//smarts2_2.pdf, page 8>
Package pdftex.def Info: ./Data/Drawings//smarts2_2.pdf , page8 used on input line 82.
(pdftex.def)             Requested size: 416.83272pt x 285.3089pt.
<./Data/Drawings//smarts2_2.pdf, id=575, page=9, 390.8857pt x 267.54309pt>
File: ./Data/Drawings//smarts2_2.pdf Graphic file (type pdf)
<use ./Data/Drawings//smarts2_2.pdf, page 9>
Package pdftex.def Info: ./Data/Drawings//smarts2_2.pdf , page9 used on input line 87.
(pdftex.def)             Requested size: 416.83272pt x 285.3089pt.
)) [21 <./Data/Drawings//smarts2_2.pdf> <./Data/Drawings//smarts2_2.pdf

pdfTeX warning: pdflatex (file ./Data/Drawings//smarts2_2.pdf): PDF inclusion: multiple pdfs with page group included in a single page
> <./Data/Drawings//smarts2_2.pdf

pdfTeX warning: pdflatex (file ./Data/Drawings//smarts2_2.pdf): PDF inclusion: multiple pdfs with page group included in a single page
> <./Data/Drawings//smarts2_2.pdf

pdfTeX warning: pdflatex (file ./Data/Drawings//smarts2_2.pdf): PDF inclusion: multiple pdfs with page group included in a single page
> <./Data/Drawings//smarts2_2.pdf

pdfTeX warning: pdflatex (file ./Data/Drawings//smarts2_2.pdf): PDF inclusion: multiple pdfs with page group included in a single page
> <./Data/Drawings//smarts2_2.pdf

pdfTeX warning: pdflatex (file ./Data/Drawings//smarts2_2.pdf): PDF inclusion: multiple pdfs with page group included in a single page
> <./Data/Drawings//smarts2_2.pdf

pdfTeX warning: pdflatex (file ./Data/Drawings//smarts2_2.pdf): PDF inclusion: multiple pdfs with page group included in a single page
> <./Data/Drawings//smarts2_2.pdf

pdfTeX warning: pdflatex (file ./Data/Drawings//smarts2_2.pdf): PDF inclusion: multiple pdfs with page group included in a single page
> <./Data/Drawings//smarts2_2.pdf

pdfTeX warning: pdflatex (file ./Data/Drawings//smarts2_2.pdf): PDF inclusion: multiple pdfs with page group included in a single page
>] (c:/Users\Josep\Desktop\MEE\EQE\Project\Text\Chapters/Implementation.tex
Missing character: There is no ; in font nullfont!
 [22

]) [23] (c:/Users\Josep\Desktop\MEE\EQE\Project\Text\Chapters/Plan.tex
Overfull \hbox (5.12639pt too wide) in paragraph at lines 1--2
\OT1/cmr/m/n/10 Up to this point, the math-e-mat-i-cal as-pects re-gard-ing the PGD, the tech-ni-cal-i-ties about blockchain,
 []

(Data/Drawings/plan2.pdf_tex
<./Data/Drawings//plan2.pdf, id=602, page=1, 382.34485pt x 146.61938pt>
File: ./Data/Drawings//plan2.pdf Graphic file (type pdf)
<use ./Data/Drawings//plan2.pdf, page 1>
Package pdftex.def Info: ./Data/Drawings//plan2.pdf , page1 used on input line 56.
(pdftex.def)             Requested size: 416.83272pt x 159.84328pt.
<./Data/Drawings//plan2.pdf, id=603, page=2, 382.34485pt x 146.61938pt>
File: ./Data/Drawings//plan2.pdf Graphic file (type pdf)
<use ./Data/Drawings//plan2.pdf, page 2>
Package pdftex.def Info: ./Data/Drawings//plan2.pdf , page2 used on input line 58.
(pdftex.def)             Requested size: 416.83272pt x 159.84328pt.
<./Data/Drawings//plan2.pdf, id=604, page=3, 382.34485pt x 146.61938pt>
File: ./Data/Drawings//plan2.pdf Graphic file (type pdf)
<use ./Data/Drawings//plan2.pdf, page 3>
Package pdftex.def Info: ./Data/Drawings//plan2.pdf , page3 used on input line 60.
(pdftex.def)             Requested size: 416.83272pt x 159.84328pt.
<./Data/Drawings//plan2.pdf, id=605, page=4, 382.34485pt x 146.61938pt>
File: ./Data/Drawings//plan2.pdf Graphic file (type pdf)
<use ./Data/Drawings//plan2.pdf, page 4>
Package pdftex.def Info: ./Data/Drawings//plan2.pdf , page4 used on input line 62.
(pdftex.def)             Requested size: 416.83272pt x 159.84328pt.
<./Data/Drawings//plan2.pdf, id=606, page=5, 382.34485pt x 146.61938pt>
File: ./Data/Drawings//plan2.pdf Graphic file (type pdf)
<use ./Data/Drawings//plan2.pdf, page 5>
Package pdftex.def Info: ./Data/Drawings//plan2.pdf , page5 used on input line 64.
(pdftex.def)             Requested size: 416.83272pt x 159.84328pt.
<./Data/Drawings//plan2.pdf, id=607, page=6, 382.34485pt x 146.61938pt>
File: ./Data/Drawings//plan2.pdf Graphic file (type pdf)
<use ./Data/Drawings//plan2.pdf, page 6>
Package pdftex.def Info: ./Data/Drawings//plan2.pdf , page6 used on input line 67.
(pdftex.def)             Requested size: 416.83272pt x 159.84328pt.
) [24 <./Data/Drawings//plan2.pdf> <./Data/Drawings//plan2.pdf

pdfTeX warning: pdflatex (file ./Data/Drawings//plan2.pdf): PDF inclusion: multiple pdfs with page group included in a single page
> <./Data/Drawings//plan2.pdf

pdfTeX warning: pdflatex (file ./Data/Drawings//plan2.pdf): PDF inclusion: multiple pdfs with page group included in a single page
> <./Data/Drawings//plan2.pdf

pdfTeX warning: pdflatex (file ./Data/Drawings//plan2.pdf): PDF inclusion: multiple pdfs with page group included in a single page
> <./Data/Drawings//plan2.pdf

pdfTeX warning: pdflatex (file ./Data/Drawings//plan2.pdf): PDF inclusion: multiple pdfs with page group included in a single page
> <./Data/Drawings//plan2.pdf

pdfTeX warning: pdflatex (file ./Data/Drawings//plan2.pdf): PDF inclusion: multiple pdfs with page group included in a single page
>]
Missing character: There is no , in font nullfont!
 [25]) [26] (c:/Users\Josep\Desktop\MEE\EQE\Project\Text\Chapters/Conclusions.tex) [27] [28] [29] [30] [31] [32] (c:/Users\Josep\Desktop\MEE\EQE\Project\Text\Chapters/Data.tex) [33] (c:/Users\Josep\Desktop\MEE\EQE\Project\Text\Chapters/Code.tex
Package hyperref Info: bookmark level for unknown lstlisting defaults to 0 on input line 1.
 [34] [35] [36] [37] [38] [39] [40] [41]) [42] (c:/Users\Josep\Desktop\MEE\EQE\Project\Text\Text.aux)
Package rerunfilecheck Info: File `Text.out' has not changed.
(rerunfilecheck)             Checksum: B46ECACA467A14588970992A00D858BF;1369.
Package logreq Info: Writing requests to 'Text.run.xml'.
\openout1 = `Text.run.xml'.

 ) 
Here is how much of TeX's memory you used:
 59163 strings out of 479696
 1452581 string characters out of 19617135
 23138451 words of memory out of 40000000
 74570 multiletter control sequences out of 15000+200000
 417312 words of font info for 75 fonts, out of 20000000 for 9000
 1141 hyphenation exceptions out of 8191
 93i,21n,377p,1190b,2722s stack positions out of 5000i,500n,10000p,20000000b,50000s
{C:/Users/Josep/AppData/Local/Programs/MiKTeX/fonts/enc/dvips/cm-super/cm-super-ts1.enc}<C:/Users/Josep/AppData/Local/Programs/MiKTeX/fonts/type1/public/amsfonts/cmextra/cmbsy7.pfb><C:/Users/Josep/AppData/Local/Programs/MiKTeX/fonts/type1/public/amsfonts/cm/cmbx10.pfb><C:/Users/Josep/AppData/Local/Programs/MiKTeX/fonts/type1/public/amsfonts/cm/cmbx12.pfb><C:/Users/Josep/AppData/Local/Programs/MiKTeX/fonts/type1/public/amsfonts/cm/cmbx7.pfb><C:/Users/Josep/AppData/Local/Programs/MiKTeX/fonts/type1/public/amsfonts/cm/cmcsc10.pfb><C:/Users/Josep/AppData/Local/Programs/MiKTeX/fonts/type1/public/amsfonts/cm/cmex10.pfb><C:/Users/Josep/AppData/Local/Programs/MiKTeX/fonts/type1/public/amsfonts/cm/cmmi10.pfb><C:/Users/Josep/AppData/Local/Programs/MiKTeX/fonts/type1/public/amsfonts/cm/cmmi5.pfb><C:/Users/Josep/AppData/Local/Programs/MiKTeX/fonts/type1/public/amsfonts/cm/cmmi6.pfb><C:/Users/Josep/AppData/Local/Programs/MiKTeX/fonts/type1/public/amsfonts/cm/cmmi7.pfb><C:/Users/Josep/AppData/Local/Programs/MiKTeX/fonts/type1/public/amsfonts/cm/cmmi8.pfb><C:/Users/Josep/AppData/Local/Programs/MiKTeX/fonts/type1/public/amsfonts/cm/cmmib10.pfb><C:/Users/Josep/AppData/Local/Programs/MiKTeX/fonts/type1/public/amsfonts/cmextra/cmmib7.pfb><C:/Users/Josep/AppData/Local/Programs/MiKTeX/fonts/type1/public/amsfonts/cm/cmr10.pfb><C:/Users/Josep/AppData/Local/Programs/MiKTeX/fonts/type1/public/amsfonts/cm/cmr17.pfb><C:/Users/Josep/AppData/Local/Programs/MiKTeX/fonts/type1/public/amsfonts/cm/cmr5.pfb><C:/Users/Josep/AppData/Local/Programs/MiKTeX/fonts/type1/public/amsfonts/cm/cmr6.pfb><C:/Users/Josep/AppData/Local/Programs/MiKTeX/fonts/type1/public/amsfonts/cm/cmr7.pfb><C:/Users/Josep/AppData/Local/Programs/MiKTeX/fonts/type1/public/amsfonts/cm/cmr8.pfb><C:/Users/Josep/AppData/Local/Programs/MiKTeX/fonts/type1/public/amsfonts/cm/cmr9.pfb><C:/Users/Josep/AppData/Local/Programs/MiKTeX/fonts/type1/public/amsfonts/cm/cmsy10.pfb><C:/Users/Josep/AppData/Local/Programs/MiKTeX/fonts/type1/public/amsfonts/cm/cmsy7.pfb><C:/Users/Josep/AppData/Local/Programs/MiKTeX/fonts/type1/public/amsfonts/cm/cmti10.pfb><C:/Users/Josep/AppData/Local/Programs/MiKTeX/fonts/type1/public/amsfonts/cm/cmti9.pfb><C:/Users/Josep/AppData/Local/Programs/MiKTeX/fonts/type1/public/amsfonts/cm/cmtt10.pfb><C:/Users/Josep/AppData/Local/Programs/MiKTeX/fonts/type1/public/amsfonts/cm/cmtt8.pfb><C:/Users/Josep/AppData/Roaming/MiKTeX/fonts/type1/public/eurosym/feymr10.pfb><C:/Users/Josep/AppData/Local/Programs/MiKTeX/fonts/type1/public/cm-super/sfrm1000.pfb>
Output written on c:/Users\Josep\Desktop\MEE\EQE\Project\Text\Text.pdf (43 pages, 820624 bytes).
PDF statistics:
 1544 PDF objects out of 1728 (max. 8388607)
 750 named destinations out of 1000 (max. 500000)
 498 words of extra memory for PDF output out of 10000 (max. 10000000)

