This is pdfTeX, Version 3.141592653-2.6-1.40.22 (TeX Live 2021/Arch Linux) (preloaded format=pdflatex 2021.8.16)  23 AUG 2021 09:52
entering extended mode
 restricted \write18 enabled.
 %&-line parsing enabled.
**/home/josep/Work/power-systems-projects/Parametric/Text/Chapters/Conclusion.t
ex

(/home/josep/Work/power-systems-projects/Parametric/Text/Chapters/Conclusion.te
x
LaTeX2e <2020-10-01> patch level 4
L3 programming layer <2021-02-18>

! LaTeX Error: Missing \begin{document}.

See the LaTeX manual or LaTeX Companion for explanation.
Type  H <return>  for immediate help.
 ...                                              
                                                  
l.1 A
     n efficient methodology aimed at the parametric analysis of power syste...

? 
! Emergency stop.
 ...                                              
                                                  
l.1 A
     n efficient methodology aimed at the parametric analysis of power syste...

You're in trouble here.  Try typing  <return>  to proceed.
If that doesn't work, type  X <return>  to quit.

 
Here is how much of TeX's memory you used:
 18 strings out of 478994
 732 string characters out of 5864751
 283044 words of memory out of 5000000
 17602 multiletter control sequences out of 15000+600000
 403430 words of font info for 27 fonts, out of 8000000 for 9000
 1141 hyphenation exceptions out of 8191
 13i,0n,15p,506b,14s stack positions out of 5000i,500n,10000p,200000b,80000s
!  ==> Fatal error occurred, no output PDF file produced!
