This is pdfTeX, Version 3.14159265-2.6-1.40.21 (MiKTeX 20.12) (preloaded format=pdflatex 2020.12.28)  2 FEB 2021 16:55
entering extended mode
**./Reasoning.tex
(Reasoning.tex
LaTeX2e <2020-10-01> patch level 2
L3 programming layer <2020-12-07> xparse <2020-03-03>
(C:\Users\Josep\AppData\Local\Programs\MiKTeX\tex/latex/base\article.cls
Document Class: article 2020/04/10 v1.4m Standard LaTeX document class
(C:\Users\Josep\AppData\Local\Programs\MiKTeX\tex/latex/base\size10.clo
File: size10.clo 2020/04/10 v1.4m Standard LaTeX file (size option)
)
\c@part=\count177
\c@section=\count178
\c@subsection=\count179
\c@subsubsection=\count180
\c@paragraph=\count181
\c@subparagraph=\count182
\c@figure=\count183
\c@table=\count184
\abovecaptionskip=\skip47
\belowcaptionskip=\skip48
\bibindent=\dimen138
)
(C:\Users\Josep\AppData\Local\Programs\MiKTeX\tex/latex/biblatex\biblatex.sty
Package: biblatex 2020/08/23 v3.15a programmable bibliographies (PK/MW)

(C:\Users\Josep\AppData\Local\Programs\MiKTeX\tex/generic/pdftexcmds\pdftexcmds
.sty
Package: pdftexcmds 2020-06-27 v0.33 Utility functions of pdfTeX for LuaTeX (HO
)
 (C:\Users\Josep\AppData\Roaming\MiKTeX\tex/generic/infwarerr\infwarerr.sty
Package: infwarerr 2019/12/03 v1.5 Providing info/warning/error messages (HO)
) (C:\Users\Josep\AppData\Local\Programs\MiKTeX\tex/generic/iftex\iftex.sty
Package: iftex 2020/03/06 v1.0d TeX engine tests
)
(C:\Users\Josep\AppData\Roaming\MiKTeX\tex/generic/ltxcmds\ltxcmds.sty
Package: ltxcmds 2020-05-10 v1.25 LaTeX kernel commands for general use (HO)
)
Package pdftexcmds Info: \pdf@primitive is available.
Package pdftexcmds Info: \pdf@ifprimitive is available.
Package pdftexcmds Info: \pdfdraftmode found.
)
(C:\Users\Josep\AppData\Local\Programs\MiKTeX\tex/latex/etoolbox\etoolbox.sty
Package: etoolbox 2020/10/05 v2.5k e-TeX tools for LaTeX (JAW)
\etb@tempcnta=\count185
)
(C:\Users\Josep\AppData\Local\Programs\MiKTeX\tex/latex/graphics\keyval.sty
Package: keyval 2014/10/28 v1.15 key=value parser (DPC)
\KV@toks@=\toks15
)
(C:\Users\Josep\AppData\Roaming\MiKTeX\tex/latex/kvoptions\kvoptions.sty
Package: kvoptions 2020-10-07 v3.14 Key value format for package options (HO)

(C:\Users\Josep\AppData\Roaming\MiKTeX\tex/generic/kvsetkeys\kvsetkeys.sty
Package: kvsetkeys 2019/12/15 v1.18 Key value parser (HO)
))
(C:\Users\Josep\AppData\Roaming\MiKTeX\tex/latex/logreq\logreq.sty
Package: logreq 2010/08/04 v1.0 xml request logger
\lrq@indent=\count186

(C:\Users\Josep\AppData\Roaming\MiKTeX\tex/latex/logreq\logreq.def
File: logreq.def 2010/08/04 v1.0 logreq spec v1.0
))
(C:\Users\Josep\AppData\Local\Programs\MiKTeX\tex/latex/base\ifthen.sty
Package: ifthen 2014/09/29 v1.1c Standard LaTeX ifthen package (DPC)
)
(C:\Users\Josep\AppData\Local\Programs\MiKTeX\tex/latex/url\url.sty
\Urlmuskip=\muskip16
Package: url 2013/09/16  ver 3.4  Verb mode for urls, etc.
)
\c@tabx@nest=\count187
\c@listtotal=\count188
\c@listcount=\count189
\c@liststart=\count190
\c@liststop=\count191
\c@citecount=\count192
\c@citetotal=\count193
\c@multicitecount=\count194
\c@multicitetotal=\count195
\c@instcount=\count196
\c@maxnames=\count197
\c@minnames=\count198
\c@maxitems=\count199
\c@minitems=\count266
\c@citecounter=\count267
\c@maxcitecounter=\count268
\c@savedcitecounter=\count269
\c@uniquelist=\count270
\c@uniquename=\count271
\c@refsection=\count272
\c@refsegment=\count273
\c@maxextratitle=\count274
\c@maxextratitleyear=\count275
\c@maxextraname=\count276
\c@maxextradate=\count277
\c@maxextraalpha=\count278
\c@abbrvpenalty=\count279
\c@highnamepenalty=\count280
\c@lownamepenalty=\count281
\c@maxparens=\count282
\c@parenlevel=\count283
\blx@tempcnta=\count284
\blx@tempcntb=\count285
\blx@tempcntc=\count286
\blx@maxsection=\count287
\blx@maxsegment@0=\count288
\blx@notetype=\count289
\blx@parenlevel@text=\count290
\blx@parenlevel@foot=\count291
\blx@sectionciteorder@0=\count292
\blx@entrysetcounter=\count293
\blx@biblioinstance=\count294
\labelnumberwidth=\skip49
\labelalphawidth=\skip50
\biblabelsep=\skip51
\bibitemsep=\skip52
\bibnamesep=\skip53
\bibinitsep=\skip54
\bibparsep=\skip55
\bibhang=\skip56
\blx@bcfin=\read2
\blx@bcfout=\write3
\blx@langwohyphens=\language79
\c@mincomprange=\count295
\c@maxcomprange=\count296
\c@mincompwidth=\count297
Package biblatex Info: Trying to load biblatex default data model...
Package biblatex Info: ... file 'blx-dm.def' found.

(C:\Users\Josep\AppData\Local\Programs\MiKTeX\tex/latex/biblatex\blx-dm.def
File: blx-dm.def 2020/08/23 v3.15a biblatex localization (PK/MW)
)
Package biblatex Info: Trying to load biblatex custom data model...
Package biblatex Info: ... file 'biblatex-dm.cfg' not found.
\c@afterword=\count298
\c@savedafterword=\count299
\c@annotator=\count300
\c@savedannotator=\count301
\c@author=\count302
\c@savedauthor=\count303
\c@bookauthor=\count304
\c@savedbookauthor=\count305
\c@commentator=\count306
\c@savedcommentator=\count307
\c@editor=\count308
\c@savededitor=\count309
\c@editora=\count310
\c@savededitora=\count311
\c@editorb=\count312
\c@savededitorb=\count313
\c@editorc=\count314
\c@savededitorc=\count315
\c@foreword=\count316
\c@savedforeword=\count317
\c@holder=\count318
\c@savedholder=\count319
\c@introduction=\count320
\c@savedintroduction=\count321
\c@namea=\count322
\c@savednamea=\count323
\c@nameb=\count324
\c@savednameb=\count325
\c@namec=\count326
\c@savednamec=\count327
\c@translator=\count328
\c@savedtranslator=\count329
\c@shortauthor=\count330
\c@savedshortauthor=\count331
\c@shorteditor=\count332
\c@savedshorteditor=\count333
\c@labelname=\count334
\c@savedlabelname=\count335
\c@institution=\count336
\c@savedinstitution=\count337
\c@lista=\count338
\c@savedlista=\count339
\c@listb=\count340
\c@savedlistb=\count341
\c@listc=\count342
\c@savedlistc=\count343
\c@listd=\count344
\c@savedlistd=\count345
\c@liste=\count346
\c@savedliste=\count347
\c@listf=\count348
\c@savedlistf=\count349
\c@location=\count350
\c@savedlocation=\count351
\c@organization=\count352
\c@savedorganization=\count353
\c@origlocation=\count354
\c@savedoriglocation=\count355
\c@origpublisher=\count356
\c@savedorigpublisher=\count357
\c@publisher=\count358
\c@savedpublisher=\count359
\c@language=\count360
\c@savedlanguage=\count361
\c@origlanguage=\count362
\c@savedoriglanguage=\count363
\c@pageref=\count364
\c@savedpageref=\count365
\shorthandwidth=\skip57
\shortjournalwidth=\skip58
\shortserieswidth=\skip59
\shorttitlewidth=\skip60
\shortauthorwidth=\skip61
\shorteditorwidth=\skip62
\locallabelnumberwidth=\skip63
\locallabelalphawidth=\skip64
\localshorthandwidth=\skip65
\localshortjournalwidth=\skip66
\localshortserieswidth=\skip67
\localshorttitlewidth=\skip68
\localshortauthorwidth=\skip69
\localshorteditorwidth=\skip70
Package biblatex Info: Trying to load compatibility code...
Package biblatex Info: ... file 'blx-compat.def' found.

(C:\Users\Josep\AppData\Local\Programs\MiKTeX\tex/latex/biblatex\blx-compat.def
File: blx-compat.def 2020/08/23 v3.15a biblatex compatibility (PK/MW)
) (C:\Users\Josep\AppData\Local\Programs\MiKTeX\tex/latex/l3kernel\expl3.sty
Package: expl3 2020-12-07 L3 programming layer (loader) 

(C:\Users\Josep\AppData\Local\Programs\MiKTeX\tex/latex/l3backend\l3backend-pdf
tex.def
File: l3backend-pdftex.def 2020-09-24 L3 backend support: PDF output (pdfTeX)
\l__kernel_color_stack_int=\count366
\l__pdf_internal_box=\box47
))
Package biblatex Info: expl3
(biblatex)             2020-12-07 L3 programming layer (loader) 
(biblatex)             is new enough (at least 2020/04/06),
(biblatex)             setting 'casechanger=expl3'.
Package biblatex Info: Trying to load expl3 case changing code...
Package biblatex Info: ... file 'blx-case-expl3.def' found.

(C:\Users\Josep\AppData\Local\Programs\MiKTeX\tex/latex/biblatex\blx-case-expl3
.def
(C:\Users\Josep\AppData\Local\Programs\MiKTeX\tex/latex/l3packages/xparse\xpars
e.sty
Package: xparse 2020-10-27 L3 Experimental document command parser

(C:\Users\Josep\AppData\Local\Programs\MiKTeX\tex/latex/l3packages/xparse\xpars
e-generic.tex))
File: blx-case-expl3 2020/08/23 v3.15a expl3 case changing code for biblatex
)
Package biblatex Info: Trying to load generic definitions...
Package biblatex Info: ... file 'biblatex.def' found.

(C:\Users\Josep\AppData\Local\Programs\MiKTeX\tex/latex/biblatex\biblatex.def
File: biblatex.def 2020/08/23 v3.15a biblatex compatibility (PK/MW)
\c@textcitecount=\count367
\c@textcitetotal=\count368
\c@textcitemaxnames=\count369
\c@biburlbigbreakpenalty=\count370
\c@biburlbreakpenalty=\count371
\c@biburlnumpenalty=\count372
\c@biburlucpenalty=\count373
\c@biburllcpenalty=\count374
\biburlbigskip=\muskip17
\biburlnumskip=\muskip18
\biburlucskip=\muskip19
\biburllcskip=\muskip20
\c@smartand=\count375
)
Package biblatex Info: Trying to load bibliography style 'numeric'...
Package biblatex Info: ... file 'numeric.bbx' found.

(C:\Users\Josep\AppData\Local\Programs\MiKTeX\tex/latex/biblatex/bbx\numeric.bb
x
File: numeric.bbx 2020/08/23 v3.15a biblatex bibliography style (PK/MW)
Package biblatex Info: Trying to load bibliography style 'standard'...
Package biblatex Info: ... file 'standard.bbx' found.

(C:\Users\Josep\AppData\Local\Programs\MiKTeX\tex/latex/biblatex/bbx\standard.b
bx
File: standard.bbx 2020/08/23 v3.15a biblatex bibliography style (PK/MW)
\c@bbx:relatedcount=\count376
\c@bbx:relatedtotal=\count377
))
Package biblatex Info: Trying to load citation style 'numeric'...
Package biblatex Info: ... file 'numeric.cbx' found.

(C:\Users\Josep\AppData\Local\Programs\MiKTeX\tex/latex/biblatex/cbx\numeric.cb
x
File: numeric.cbx 2020/08/23 v3.15a biblatex citation style (PK/MW)
Package biblatex Info: Redefining '\cite'.
Package biblatex Info: Redefining '\parencite'.
Package biblatex Info: Redefining '\footcite'.
Package biblatex Info: Redefining '\footcitetext'.
Package biblatex Info: Redefining '\smartcite'.
Package biblatex Info: Redefining '\supercite'.
Package biblatex Info: Redefining '\textcite'.
Package biblatex Info: Redefining '\textcites'.
Package biblatex Info: Redefining '\cites'.
Package biblatex Info: Redefining '\parencites'.
Package biblatex Info: Redefining '\smartcites'.
)
Package biblatex Info: Trying to load configuration file...
Package biblatex Info: ... file 'biblatex.cfg' found.

(C:\Users\Josep\AppData\Local\Programs\MiKTeX\tex/latex/biblatex\biblatex.cfg
File: biblatex.cfg 
))
\@quotelevel=\count378
\@quotereset=\count379
(Reasoning.aux)
\openout1 = `Reasoning.aux'.

LaTeX Font Info:    Checking defaults for OML/cmm/m/it on input line 8.
LaTeX Font Info:    ... okay on input line 8.
LaTeX Font Info:    Checking defaults for OMS/cmsy/m/n on input line 8.
LaTeX Font Info:    ... okay on input line 8.
LaTeX Font Info:    Checking defaults for OT1/cmr/m/n on input line 8.
LaTeX Font Info:    ... okay on input line 8.
LaTeX Font Info:    Checking defaults for T1/cmr/m/n on input line 8.
LaTeX Font Info:    ... okay on input line 8.
LaTeX Font Info:    Checking defaults for TS1/cmr/m/n on input line 8.
LaTeX Font Info:    ... okay on input line 8.
LaTeX Font Info:    Checking defaults for OMX/cmex/m/n on input line 8.
LaTeX Font Info:    ... okay on input line 8.
LaTeX Font Info:    Checking defaults for U/cmr/m/n on input line 8.
LaTeX Font Info:    ... okay on input line 8.
Package biblatex Info: Trying to load language 'english'...
Package biblatex Info: ... file 'english.lbx' found.

(C:\Users\Josep\AppData\Local\Programs\MiKTeX\tex/latex/biblatex/lbx\english.lb
x
File: english.lbx 2020/08/23 v3.15a biblatex localization (PK/MW)
)
Package biblatex Info: Input encoding 'utf8' detected.
Package biblatex Info: Automatic encoding selection.
(biblatex)             Assuming data encoding 'utf8'.
\openout3 = `Reasoning.bcf'.

Package biblatex Info: Trying to load bibliographic data...
Package biblatex Info: ... file 'Reasoning.bbl' found.
 (Reasoning.bbl)
Package biblatex Info: Reference section=0 on input line 8.
Package biblatex Info: Reference segment=0 on input line 8.
LaTeX Font Info:    External font `cmex10' loaded for size
(Font)              <7> on input line 12.
LaTeX Font Info:    External font `cmex10' loaded for size
(Font)              <5> on input line 12.

Reasoning.tex:15: Undefined control sequence.
l.15 ...}X(x)\otimes T(t) \otimes P_1(p_1)\otimesP
                                                  _2(p_2)\otimes...\otimes P...
The control sequence at the end of the top line
of your error message was never \def'ed. If you have
misspelled it (e.g., `\hobx'), type `I' and the correct
spelling (e.g., `I\hbox'). Otherwise just continue,
and I'll forget about whatever was undefined.

[1

{C:/Users/Josep/AppData/Local/MiKTeX/pdftex/config/pdftex.map}]

Reasoning.tex:40: Package inputenc Error: Unicode character ́ (U+0301)
(inputenc)                not set up for use with LaTeX.

See the inputenc package documentation for explanation.
Type  H <return>  for immediate help.
 ...                                              
                                                  
l.40 
     
You may provide a definition with
\DeclareUnicodeCharacter 


Reasoning.tex:40: Package inputenc Error: Unicode character ́ (U+0301)
(inputenc)                not set up for use with LaTeX.

See the inputenc package documentation for explanation.
Type  H <return>  for immediate help.
 ...                                              
                                                  
l.40 
     
You may provide a definition with
\DeclareUnicodeCharacter 

[2] (Reasoning.aux)
Package logreq Info: Writing requests to 'Reasoning.run.xml'.
\openout1 = `Reasoning.run.xml'.

 ) 
Here is how much of TeX's memory you used:
 8051 strings out of 479696
 156494 string characters out of 19617135
 20839080 words of memory out of 40000000
 25132 multiletter control sequences out of 15000+200000
 404986 words of font info for 32 fonts, out of 20000000 for 9000
 1141 hyphenation exceptions out of 8191
 65i,4n,73p,744b,1181s stack positions out of 5000i,500n,10000p,20000000b,50000s
<C:/Users/Josep/AppData/Local/Programs/MiKTeX/fonts/type1/public/amsfonts/cm/
cmbx12.pfb><C:/Users/Josep/AppData/Local/Programs/MiKTeX/fonts/type1/public/ams
fonts/cm/cmex10.pfb><C:/Users/Josep/AppData/Local/Programs/MiKTeX/fonts/type1/p
ublic/amsfonts/cm/cmmi10.pfb><C:/Users/Josep/AppData/Local/Programs/MiKTeX/font
s/type1/public/amsfonts/cm/cmmi7.pfb><C:/Users/Josep/AppData/Local/Programs/MiK
TeX/fonts/type1/public/amsfonts/cm/cmr10.pfb><C:/Users/Josep/AppData/Local/Prog
rams/MiKTeX/fonts/type1/public/amsfonts/cm/cmr7.pfb><C:/Users/Josep/AppData/Loc
al/Programs/MiKTeX/fonts/type1/public/amsfonts/cm/cmsy10.pfb><C:/Users/Josep/Ap
pData/Local/Programs/MiKTeX/fonts/type1/public/amsfonts/cm/cmsy7.pfb><C:/Users/
Josep/AppData/Local/Programs/MiKTeX/fonts/type1/public/amsfonts/cm/cmti10.pfb>
Output written on Reasoning.pdf (2 pages, 103605 bytes).
PDF statistics:
 45 PDF objects out of 1000 (max. 8388607)
 0 named destinations out of 1000 (max. 500000)
 1 words of extra memory for PDF output out of 10000 (max. 10000000)

